1621256889208	geckodriver	INFO	Listening on 127.0.0.1:55526
1621256892247	mozrunner::runner	INFO	Running command: "C:\\Program Files\\Firefox Developer Edition\\firefox.exe" "--marionette" "-foreground" "-no-remote" "-profile" "C:\\Users\\david\\AppData\\Local\\Temp\\rust_mozprofilebuQpTb"
1621256893518	Marionette	INFO	Marionette enabled
JavaScript error: resource://gre/modules/XULStore.jsm, line 66: Error: Can't find profile directory.
console.warn: SearchSettings: "get: No settings file exists, new profile?" (new NotFoundError("Could not open the file at C:\\Users\\david\\AppData\\Local\\Temp\\rust_mozprofilebuQpTb\\search.json.mozlz4", (void 0)))
1621256897218	Marionette	INFO	Listening on port 55534
1621256897555	Marionette	WARN	TLS certificate errors will be ignored for this session
1621256898032	Marionette	WARN	Ignoring event 'DOMContentLoaded' because document has an invalid readyState of 'complete'.
1621256994281	Marionette	INFO	Stopped listening on port 55534

###!!! [Child][RunMessage] Error: Channel closing: too late to send/recv, messages will be lost

efox.exe" "--marionette" "-foreground" "-no-remote" "-profile" "C:\\Users\\david\\AppData\\Local\\Temp\\rust_mozprofilecVfufH"
1621256932625	Marionette	INFO	Marionette enabled
JavaScript error: resource://gre/modules/XULStore.jsm, line 66: Error: Can't find profile directory.
console.warn: SearchSettings: "get: No settings file exists, new profile?" (new NotFoundError("Could not open the file at C:\\Users\\david\\AppData\\Local\\Temp\\rust_mozprofilecVfufH\\search.json.mozlz4", (void 0)))
1621256936292	Marionette	INFO	Listening on port 55623
1621256936640	Marionette	WARN	TLS certificate errors will be ignored for this session
1621256937098	Marionette	WARN	Ignoring event 'DOMContentLoaded' because document has an invalid readyState of 'complete'.
1621256939744	Marionette	INFO	Stopped listening on port 55623
1621256998773	geckodriver	INFO	Listening on 127.0.0.1:55697
1621257001812	mozrunner::runner	INFO	Running command: "C:\\Program Files\\Firefox Developer Edition\\firefox.exe" "--marionette" "-foreground" "-no-remote" "-profile" "C:\\Users\\david\\AppData\\Local\\Temp\\rust_mozprofileSAvsDQ"
1621257003089	Marionette	INFO	Marionette enabled
JavaScript error: resource://gre/modules/XULStore.jsm, line 66: Error: Can't find profile directory.
console.warn: SearchSettings: "get: No settings file exists, new profile?" (new NotFoundError("Could not open the file at C:\\Users\\david\\AppData\\Local\\Temp\\rust_mozprofileSAvsDQ\\search.json.mozlz4", (void 0)))
1621257006790	Marionette	INFO	Listening on port 55708
1621257007136	Marionette	WARN	TLS certificate errors will be ignored for this session
1621257007609	Marionette	WARN	Ignoring event 'DOMContentLoaded' because document has an invalid readyState of 'complete'.
console.error: services.settings: 
  main/message-groups Signature failed  TypeError: NetworkError when attempting to fetch resource.
console.error: services.settings: 
  main/partitioning-exempt-urls Signature failed  TypeError: NetworkError when attempting to fetch resource.
1621257037292	Marionette	INFO	Stopped listening on port 55708
1621257057090	geckodriver	INFO	Listening on 127.0.0.1:55790
1621257060137	mozrunner::runner	INFO	Running command: "C:\\Program Files\\Firefox Developer Edition\\firefox.exe" "--marionette" "-foreground" "-no-remote" "-profile" "C:\\Users\\david\\AppData\\Local\\Temp\\rust_mozprofileHGRoBp"
1621257061428	Marionette	INFO	Marionette enabled
JavaScript error: resource://gre/modules/XULStore.jsm, line 66: Error: Can't find profile directory.
console.warn: SearchSettings: "get: No settings file exists, new profile?" (new NotFoundError("Could not open the file at C:\\Users\\david\\AppData\\Local\\Temp\\rust_mozprofileHGRoBp\\search.json.mozlz4", (void 0)))
1621257065098	Marionette	INFO	Listening on port 55798
1621257065471	Marionette	WARN	TLS certificate errors will be ignored for this session
1621257065946	Marionette	WARN	Ignoring event 'DOMContentLoaded' because document has an invalid readyState of 'complete'.
1621257109751	Marionette	INFO	Stopped listening on port 55798

###!!! [Child][RunMessage] Error: Channel closing: too late to send/recv, messages will be lost

1621257726142	geckodriver	INFO	Listening on 127.0.0.1:55969
1621257729187	mozrunner::runner	INFO	Running command: "C:\\Program Files\\Firefox Developer Edition\\firefox.exe" "--marionette" "-foreground" "-no-remote" "-profile" "C:\\Users\\david\\AppData\\Local\\Temp\\rust_mozprofileCXAJ4t"
1621257730364	Marionette	INFO	Marionette enabled
JavaScript error: resource://gre/modules/XULStore.jsm, line 66: Error: Can't find profile directory.
console.warn: SearchSettings: "get: No settings file exists, new profile?" (new NotFoundError("Could not open the file at C:\\Users\\david\\AppData\\Local\\Temp\\rust_mozprofileCXAJ4t\\search.json.mozlz4", (void 0)))
1621257734055	Marionette	INFO	Listening on port 55978
1621257734506	Marionette	WARN	TLS certificate errors will be ignored for this session
1621257734936	Marionette	WARN	Ignoring event 'DOMContentLoaded' because document has an invalid readyState of 'complete'.
1621257754513	Marionette	INFO	Stopped listening on port 55978
1621258361844	geckodriver	INFO	Listening on 127.0.0.1:56101
1621258364891	mozrunner::runner	INFO	Running command: "C:\\Program Files\\Firefox Developer Edition\\firefox.exe" "--marionette" "-foreground" "-no-remote" "-profile" "C:\\Users\\david\\AppData\\Local\\Temp\\rust_mozprofile8qo4Qj"
1621258365996	Marionette	INFO	Marionette enabled
JavaScript error: resource://gre/modules/XULStore.jsm, line 66: Error: Can't find profile directory.
console.warn: SearchSettings: "get: No settings file exists, new profile?" (new NotFoundError("Could not open the file at C:\\Users\\david\\AppData\\Local\\Temp\\rust_mozprofile8qo4Qj\\search.json.mozlz4", (void 0)))
1621258369511	Marionette	INFO	Listening on port 56109
1621258369693	Marionette	WARN	TLS certificate errors will be ignored for this session
1621258370114	Marionette	WARN	Ignoring event 'DOMContentLoaded' because document has an invalid readyState of 'complete'.
1621259179599	geckodriver	INFO	Listening on 127.0.0.1:56340
1621259182624	mozrunner::runner	INFO	Running command: "C:\\Program Files\\Firefox Developer Edition\\firefox.exe" "--marionette" "-foreground" "-no-remote" "-profile" "C:\\Users\\david\\AppData\\Local\\Temp\\rust_mozprofileyV5mnb"
1621259183865	Marionette	INFO	Marionette enabled
JavaScript error: resource://gre/modules/XULStore.jsm, line 66: Error: Can't find profile directory.
console.warn: SearchSettings: "get: No settings file exists, new profile?" (new NotFoundError("Could not open the file at C:\\Users\\david\\AppData\\Local\\Temp\\rust_mozprofileyV5mnb\\search.json.mozlz4", (void 0)))
1621259187525	Marionette	INFO	Listening on port 56348
1621259187937	Marionette	WARN	TLS certificate errors will be ignored for this session
1621259188412	Marionette	WARN	Ignoring event 'DOMContentLoaded' because document has an invalid readyState of 'complete'.
1621259193390	Marionette	INFO	Stopped listening on port 56348
1621259262399	geckodriver	INFO	Listening on 127.0.0.1:56433
1621259265431	mozrunner::runner	INFO	Running command: "C:\\Program Files\\Firefox Developer Edition\\firefox.exe" "--marionette" "-foreground" "-no-remote" "-profile" "C:\\Users\\david\\AppData\\Local\\Temp\\rust_mozprofilemlrsuq"
1621259266782	Marionette	INFO	Marionette enabled
JavaScript error: resource://gre/modules/XULStore.jsm, line 66: Error: Can't find profile directory.
console.warn: SearchSettings: "get: No settings file exists, new profile?" (new NotFoundError("Could not open the file at C:\\Users\\david\\AppData\\Local\\Temp\\rust_mozprofilemlrsuq\\search.json.mozlz4", (void 0)))
1621259270611	Marionette	INFO	Listening on port 56444
1621259270759	Marionette	WARN	TLS certificate errors will be ignored for this session
1621259271275	Marionette	WARN	Ignoring event 'DOMContentLoaded' because document has an invalid readyState of 'complete'.
1621259927341	geckodriver	INFO	Listening on 127.0.0.1:56754
1621259930394	mozrunner::runner	INFO	Running command: "C:\\Program Files\\Firefox Developer Edition\\firefox.exe" "--marionette" "--headless" "-foreground" "-no-remote" "-profile" "C:\\Users\\david\\AppData\\Local\\Temp\\rust_mozprofilehM88XC"
*** You are running in headless mode.
1621259931602	Marionette	INFO	Marionette enabled
JavaScript error: resource://gre/modules/XULStore.jsm, line 66: Error: Can't find profile directory.
console.warn: SearchSettings: "get: No settings file exists, new profile?" (new NotFoundError("Could not open the file at C:\\Users\\david\\AppData\\Local\\Temp\\rust_mozprofilehM88XC\\search.json.mozlz4", (void 0)))
1621259933476	Marionette	INFO	Listening on port 56762
1621259933645	Marionette	WARN	TLS certificate errors will be ignored for this session
1621259934149	Marionette	WARN	Ignoring event 'DOMContentLoaded' because document has an invalid readyState of 'complete'.
1621261075114	geckodriver	INFO	Listening on 127.0.0.1:57241
1621261078159	mozrunner::runner	INFO	Running command: "C:\\Program Files\\Firefox Developer Edition\\firefox.exe" "--marionette" "-foreground" "-no-remote" "-profile" "C:\\Users\\david\\AppData\\Local\\Temp\\rust_mozprofile1uB5MC"
1621261079387	Marionette	INFO	Marionette enabled
JavaScript error: resource://gre/modules/XULStore.jsm, line 66: Error: Can't find profile directory.
console.warn: SearchSettings: "get: No settings file exists, new profile?" (new NotFoundError("Could not open the file at C:\\Users\\david\\AppData\\Local\\Temp\\rust_mozprofile1uB5MC\\search.json.mozlz4", (void 0)))
1621261082813	Marionette	INFO	Listening on port 57249
1621261082965	Marionette	WARN	TLS certificate errors will be ignored for this session
1621261083396	Marionette	WARN	Ignoring event 'DOMContentLoaded' because document has an invalid readyState of 'complete'.
1621261143368	Marionette	INFO	Stopped listening on port 57249

###!!! [Child][RunMessage] Error: Channel closing: too late to send/recv, messages will be lost

1621433134678	geckodriver	INFO	Listening on 127.0.0.1:50005
1621433137733	mozrunner::runner	INFO	Running command: "C:\\Program Files\\Firefox Developer Edition\\firefox.exe" "--marionette" "-foreground" "-no-remote" "-profile" "C:\\Users\\david\\AppData\\Local\\Temp\\rust_mozprofile0mI7fx"
1621433183141	geckodriver	INFO	Listening on 127.0.0.1:50073
1621433186172	mozrunner::runner	INFO	Running command: "C:\\Program Files\\Firefox Developer Edition\\firefox.exe" "--marionette" "-foreground" "-no-remote" "-profile" "C:\\Users\\david\\AppData\\Local\\Temp\\rust_mozprofileJKu0YU"
1621433188050	Marionette	INFO	Marionette enabled
JavaScript error: resource://gre/modules/XULStore.jsm, line 66: Error: Can't find profile directory.
console.warn: SearchSettings: "get: No settings file exists, new profile?" (new NotFoundError("Could not open the file at C:\\Users\\david\\AppData\\Local\\Temp\\rust_mozprofileJKu0YU\\search.json.mozlz4", (void 0)))
1621433192796	Marionette	INFO	Listening on port 50081
1621433193155	Marionette	WARN	TLS certificate errors will be ignored for this session
JavaScript warning: http://www.gov.cn/govweb/xhtml/2016gov/js/jquery-1.9.1.min.js, line 2: Using //@ to indicate sourceMappingURL pragmas is deprecated. Use //# instead
1621433236280	Marionette	INFO	Stopped listening on port 50081
1621433239773	geckodriver	INFO	Listening on 127.0.0.1:50169
1621433242816	mozrunner::runner	INFO	Running command: "C:\\Program Files\\Firefox Developer Edition\\firefox.exe" "--marionette" "-foreground" "-no-remote" "-profile" "C:\\Users\\david\\AppData\\Local\\Temp\\rust_mozprofiledV2KyU"
1621433244639	Marionette	INFO	Marionette enabled
JavaScript error: resource://gre/modules/XULStore.jsm, line 66: Error: Can't find profile directory.
console.warn: SearchSettings: "get: No settings file exists, new profile?" (new NotFoundError("Could not open the file at C:\\Users\\david\\AppData\\Local\\Temp\\rust_mozprofiledV2KyU\\search.json.mozlz4", (void 0)))
1621433249805	Marionette	INFO	Listening on port 50178
1621433250298	Marionette	WARN	TLS certificate errors will be ignored for this session
JavaScript warning: http://www.gov.cn/govweb/xhtml/2016gov/js/jquery-1.9.1.min.js, line 2: Using //@ to indicate sourceMappingURL pragmas is deprecated. Use //# instead
1621433254420	Marionette	INFO	Stopped listening on port 50178
1621433434296	geckodriver	INFO	Listening on 127.0.0.1:50275
1621433437326	mozrunner::runner	INFO	Running command: "C:\\Program Files\\Firefox Developer Edition\\firefox.exe" "--marionette" "-foreground" "-no-remote" "-profile" "C:\\Users\\david\\AppData\\Local\\Temp\\rust_mozprofilePy67Yu"
1621433439243	Marionette	INFO	Marionette enabled
JavaScript error: resource://gre/modules/XULStore.jsm, line 66: Error: Can't find profile directory.
console.warn: SearchSettings: "get: No settings file exists, new profile?" (new NotFoundError("Could not open the file at C:\\Users\\david\\AppData\\Local\\Temp\\rust_mozprofilePy67Yu\\search.json.mozlz4", (void 0)))
1621433443701	Marionette	INFO	Listening on port 50284
1621433443853	Marionette	WARN	TLS certificate errors will be ignored for this session
JavaScript warning: http://www.gov.cn/govweb/xhtml/2016gov/js/jquery-1.9.1.min.js, line 2: Using //@ to indicate sourceMappingURL pragmas is deprecated. Use //# instead
1621434023376	Marionette	INFO	Stopped listening on port 50284

###!!! [Child][RunMessage] Error: Channel closing: too late to send/recv, messages will be lost

efox.exe" "--marionette" "--headless" "-foreground" "-no-remote" "-profile" "C:\\Users\\david\\AppData\\Local\\Temp\\rust_mozprofilefWU5IZ"
*** You are running in headless mode.
1621433573705	Marionette	INFO	Marionette enabled
JavaScript error: resource://gre/modules/XULStore.jsm, line 66: Error: Can't find profile directory.
console.warn: SearchSettings: "get: No settings file exists, new profile?" (new NotFoundError("Could not open the file at C:\\Users\\david\\AppData\\Local\\Temp\\rust_mozprofilefWU5IZ\\search.json.mozlz4", (void 0)))
1621433576429	Marionette	INFO	Listening on port 50405
1621433576798	Marionette	WARN	TLS certificate errors will be ignored for this session
JavaScript warning: http://www.gov.cn/govweb/xhtml/2016gov/js/jquery-1.9.1.min.js, line 2: Using //@ to indicate sourceMappingURL pragmas is deprecated. Use //# instead
1621433582092	Marionette	INFO	Stopped listening on port 50405
1621433665683	geckodriver	INFO	Listening on 127.0.0.1:50492
1621433668717	mozrunner::runner	INFO	Running command: "C:\\Program Files\\Firefox Developer Edition\\firefox.exe" "--marionette" "--headless" "-foreground" "-no-remote" "-profile" "C:\\Users\\david\\AppData\\Local\\Temp\\rust_mozprofile2AGZns"
*** You are running in headless mode.
1621433670721	Marionette	INFO	Marionette enabled
JavaScript error: resource://gre/modules/XULStore.jsm, line 66: Error: Can't find profile directory.
console.warn: SearchSettings: "get: No settings file exists, new profile?" (new NotFoundError("Could not open the file at C:\\Users\\david\\AppData\\Local\\Temp\\rust_mozprofile2AGZns\\search.json.mozlz4", (void 0)))
1621433673118	Marionette	INFO	Listening on port 50501
1621433673585	Marionette	WARN	TLS certificate errors will be ignored for this session
JavaScript warning: http://www.gov.cn/govweb/xhtml/2016gov/js/jquery-1.9.1.min.js, line 2: Using //@ to indicate sourceMappingURL pragmas is deprecated. Use //# instead
1621433677025	Marionette	INFO	Stopped listening on port 50501
1621433766716	geckodriver	INFO	Listening on 127.0.0.1:50667
1621433769756	mozrunner::runner	INFO	Running command: "C:\\Program Files\\Firefox Developer Edition\\firefox.exe" "--marionette" "--headless" "-foreground" "-no-remote" "-profile" "C:\\Users\\david\\AppData\\Local\\Temp\\rust_mozprofilexAXbzo"
*** You are running in headless mode.
1621433771641	Marionette	INFO	Marionette enabled
JavaScript error: resource://gre/modules/XULStore.jsm, line 66: Error: Can't find profile directory.
console.warn: SearchSettings: "get: No settings file exists, new profile?" (new NotFoundError("Could not open the file at C:\\Users\\david\\AppData\\Local\\Temp\\rust_mozprofilexAXbzo\\search.json.mozlz4", (void 0)))
1621433774442	Marionette	INFO	Listening on port 50675
1621433774634	Marionette	WARN	TLS certificate errors will be ignored for this session
JavaScript warning: http://www.gov.cn/govweb/xhtml/2016gov/js/jquery-1.9.1.min.js, line 2: Using //@ to indicate sourceMappingURL pragmas is deprecated. Use //# instead
1621433778035	Marionette	INFO	Stopped listening on port 50675
console.error: services.settings: 
  main/message-groups Signature failed  TypeError: NetworkError when attempting to fetch resource.
console.error: services.settings: 
  main/partitioning-exempt-urls Signature failed  TypeError: NetworkError when attempting to fetch resource.
1621433813292	geckodriver	INFO	Listening on 127.0.0.1:50752
1621433816328	mozrunner::runner	INFO	Running command: "C:\\Program Files\\Firefox Developer Edition\\firefox.exe" "--marionette" "--headless" "-foreground" "-no-remote" "-profile" "C:\\Users\\david\\AppData\\Local\\Temp\\rust_mozprofileDeI3vY"
*** You are running in headless mode.
1621433818155	Marionette	INFO	Marionette enabled
JavaScript error: resource://gre/modules/XULStore.jsm, line 66: Error: Can't find profile directory.
console.warn: SearchSettings: "get: No settings file exists, new profile?" (new NotFoundError("Could not open the file at C:\\Users\\david\\AppData\\Local\\Temp\\rust_mozprofileDeI3vY\\search.json.mozlz4", (void 0)))
1621433821013	Marionette	INFO	Listening on port 50760
1621433821238	Marionette	WARN	TLS certificate errors will be ignored for this session
JavaScript warning: http://www.gov.cn/govweb/xhtml/2016gov/js/jquery-1.9.1.min.js, line 2: Using //@ to indicate sourceMappingURL pragmas is deprecated. Use //# instead
1621433824266	Marionette	INFO	Stopped listening on port 50760
1621435129850	geckodriver	INFO	Listening on 127.0.0.1:51881
1621435132897	mozrunner::runner	INFO	Running command: "C:\\Program Files\\Firefox Developer Edition\\firefox.exe" "--marionette" "--headless" "-foreground" "-no-remote" "-profile" "C:\\Users\\david\\AppData\\Local\\Temp\\rust_mozprofileDHmKJf"
LdrLoadDll: Blocking load of 'safemon64.dll' -- see http://www.mozilla.com/en-US/blocklist/
LdrLoadDll: Blocking load of 'safemon64.dll' -- see http://www.mozilla.com/en-US/blocklist/
*** You are running in headless mode.
LdrLoadDll: Blocking load of 'safemon64.dll' -- see http://www.mozilla.com/en-US/blocklist/
1621435133944	Marionette	INFO	Marionette enabled
LdrLoadDll: Blocking load of 'safemon64.dll' -- see http://www.mozilla.com/en-US/blocklist/
console.warn: SearchSettings: "get: No settings file exists, new profile?" (new NotFoundError("Could not open the file at C:\\Users\\david\\AppData\\Local\\Temp\\rust_mozprofileDHmKJf\\search.json.mozlz4", (void 0)))
JavaScript error: resource://gre/modules/XULStore.jsm, line 66: Error: Can't find profile directory.
LdrLoadDll: Blocking load of 'safemon64.dll' -- see http://www.mozilla.com/en-US/blocklist/
LdrLoadDll: Blocking load of 'safemon64.dll' -- see http://www.mozilla.com/en-US/blocklist/
1621435135723	Marionette	INFO	Listening on port 51889
1621435136107	Marionette	WARN	TLS certificate errors will be ignored for this session
JavaScript warning: http://www.gov.cn/govweb/xhtml/2016gov/js/jquery-1.9.1.min.js, line 2: Using //@ to indicate sourceMappingURL pragmas is deprecated. Use //# instead
1621435140198	Marionette	INFO	Stopped listening on port 51889
1621435485680	geckodriver	INFO	Listening on 127.0.0.1:52390
1621435488724	mozrunner::runner	INFO	Running command: "C:\\Program Files\\Firefox Developer Edition\\firefox.exe" "--marionette" "--headless" "-foreground" "-no-remote" "-profile" "C:\\Users\\david\\AppData\\Local\\Temp\\rust_mozprofile8mcwkw"
LdrLoadDll: Blocking load of 'safemon64.dll' -- see http://www.mozilla.com/en-US/blocklist/
LdrLoadDll: Blocking load of 'safemon64.dll' -- see http://www.mozilla.com/en-US/blocklist/
*** You are running in headless mode.
LdrLoadDll: Blocking load of 'safemon64.dll' -- see http://www.mozilla.com/en-US/blocklist/
1621435489791	Marionette	INFO	Marionette enabled
LdrLoadDll: Blocking load of 'safemon64.dll' -- see http://www.mozilla.com/en-US/blocklist/
console.warn: SearchSettings: "get: No settings file exists, new profile?" (new NotFoundError("Could not open the file at C:\\Users\\david\\AppData\\Local\\Temp\\rust_mozprofile8mcwkw\\search.json.mozlz4", (void 0)))
JavaScript error: resource://gre/modules/XULStore.jsm, line 66: Error: Can't find profile directory.
LdrLoadDll: Blocking load of 'safemon64.dll' -- see http://www.mozilla.com/en-US/blocklist/
LdrLoadDll: Blocking load of 'safemon64.dll' -- see http://www.mozilla.com/en-US/blocklist/
1621435491755	Marionette	INFO	Listening on port 52398
1621435491955	Marionette	WARN	TLS certificate errors will be ignored for this session
JavaScript warning: http://www.gov.cn/govweb/xhtml/2016gov/js/jquery-1.9.1.min.js, line 2: Using //@ to indicate sourceMappingURL pragmas is deprecated. Use //# instead
1621435495992	Marionette	INFO	Stopped listening on port 52398
1621655998776	geckodriver	INFO	Listening on 127.0.0.1:59906
1621656001827	mozrunner::runner	INFO	Running command: "C:\\Program Files\\Firefox Developer Edition\\firefox.exe" "--marionette" "--headless" "-foreground" "-no-remote" "-profile" "C:\\Users\\david\\AppData\\Local\\Temp\\rust_mozprofile68bVxj"
*** You are running in headless mode.
1621656004343	Marionette	INFO	Marionette enabled
JavaScript error: resource://gre/modules/XULStore.jsm, line 66: Error: Can't find profile directory.
console.warn: SearchSettings: "get: No settings file exists, new profile?" (new NotFoundError("Could not open the file at C:\\Users\\david\\AppData\\Local\\Temp\\rust_mozprofile68bVxj\\search.json.mozlz4", (void 0)))
1621656008276	Marionette	INFO	Listening on port 59963
1621656008471	Marionette	WARN	TLS certificate errors will be ignored for this session
JavaScript warning: http://www.gov.cn/govweb/xhtml/2016gov/js/jquery-1.9.1.min.js, line 2: Using //@ to indicate sourceMappingURL pragmas is deprecated. Use //# instead
1621656012945	Marionette	INFO	Stopped listening on port 59963
[Child 15228, IPC I/O Child] WARNING: pipe error: 232: file /builds/worker/checkouts/gecko/ipc/chromium/src/chrome/common/ipc_channel_win.cc:544
1621659341732	geckodriver	INFO	Listening on 127.0.0.1:61093
1621659344767	mozrunner::runner	INFO	Running command: "C:\\Program Files\\Firefox Developer Edition\\firefox.exe" "--marionette" "-foreground" "-no-remote" "-profile" "C:\\Users\\david\\AppData\\Local\\Temp\\rust_mozprofileNZnyB4"
1621659345930	Marionette	INFO	Marionette enabled
JavaScript error: resource://gre/modules/XULStore.jsm, line 66: Error: Can't find profile directory.
console.warn: SearchSettings: "get: No settings file exists, new profile?" (new NotFoundError("Could not open the file at C:\\Users\\david\\AppData\\Local\\Temp\\rust_mozprofileNZnyB4\\search.json.mozlz4", (void 0)))
1621659349393	Marionette	INFO	Listening on port 61103
1621659349574	Marionette	WARN	TLS certificate errors will be ignored for this session
JavaScript warning: http://www.gov.cn/govweb/xhtml/2016gov/js/jquery-1.9.1.min.js, line 2: Using //@ to indicate sourceMappingURL pragmas is deprecated. Use //# instead
1621659352678	Marionette	INFO	Stopped listening on port 61103
console.error: services.settings: 
  main/message-groups Signature failed  TypeError: NetworkError when attempting to fetch resource.
console.error: services.settings: 
  main/partitioning-exempt-urls Signature failed  TypeError: NetworkError when attempting to fetch resource.

###!!! [Child][RunMessage] Error: Channel closing: too late to send/recv, messages will be lost


###!!! [Child][RunMessage] Error: Channel closing: too late to send/recv, messages will be lost

1621664153471	geckodriver	INFO	Listening on 127.0.0.1:62454
1621664156520	mozrunner::runner	INFO	Running command: "C:\\Program Files\\Firefox Developer Edition\\firefox.exe" "--marionette" "-foreground" "-no-remote" "-profile" "C:\\Users\\david\\AppData\\Local\\Temp\\rust_mozprofileXAaQY2"
1621664158381	Marionette	INFO	Marionette enabled
JavaScript error: resource://gre/modules/XULStore.jsm, line 66: Error: Can't find profile directory.
console.warn: SearchSettings: "get: No settings file exists, new profile?" (new NotFoundError("Could not open the file at C:\\Users\\david\\AppData\\Local\\Temp\\rust_mozprofileXAaQY2\\search.json.mozlz4", (void 0)))
1621664162076	Marionette	INFO	Listening on port 62463
1621664162341	Marionette	WARN	TLS certificate errors will be ignored for this session
1621664163555	Marionette	WARN	Ignoring event 'DOMContentLoaded' because document has an invalid readyState of 'complete'.
1621664220949	Marionette	INFO	Stopped listening on port 62463
1664219180	mozrunner::runner	INFO	Running command: "C:\\Program Files\\Firefox Developer Edition\\firefox.exe" "--marionette" "--headless" "-foreground" "-no-remote" "-profile" "C:\\Users\\david\\AppData\\Local\\Temp\\rust_mozprofileMTr04N"
*** You are running in headless mode.
1621664220398	Marionette	INFO	Marionette enabled
JavaScript error: resource://gre/modules/XULStore.jsm, line 66: Error: Can't find profile directory.
console.warn: SearchSettings: "get: No settings file exists, new profile?" (new NotFoundError("Could not open the file at C:\\Users\\david\\AppData\\Local\\Temp\\rust_mozprofileMTr04N\\search.json.mozlz4", (void 0)))
1621664222375	Marionette	INFO	Listening on port 62554
1621664222887	Marionette	WARN	TLS certificate errors will be ignored for this session
1621664223531	Marionette	WARN	Ignoring event 'DOMContentLoaded' because document has an invalid readyState of 'complete'.
1621664224711	Marionette	WARN	Ignoring event 'DOMContentLoaded' because document has an invalid readyState of 'complete'.
1621664234285	Marionette	INFO	Stopped listening on port 62554

###!!! [Parent][RunMessage] Error: Channel closing: too late to send/recv, messages will be lost

1621664285157	geckodriver	INFO	Listening on 127.0.0.1:62619
1621664288197	mozrunner::runner	INFO	Running command: "C:\\Program Files\\Firefox Developer Edition\\firefox.exe" "--marionette" "--headless" "-foreground" "-no-remote" "-profile" "C:\\Users\\david\\AppData\\Local\\Temp\\rust_mozprofileu07pSy"
*** You are running in headless mode.
1621664289482	Marionette	INFO	Marionette enabled
JavaScript error: resource://gre/modules/XULStore.jsm, line 66: Error: Can't find profile directory.
console.warn: SearchSettings: "get: No settings file exists, new profile?" (new NotFoundError("Could not open the file at C:\\Users\\david\\AppData\\Local\\Temp\\rust_mozprofileu07pSy\\search.json.mozlz4", (void 0)))
1621664291311	Marionette	INFO	Listening on port 62627
1621664291456	Marionette	WARN	TLS certificate errors will be ignored for this session
1621664292117	Marionette	WARN	Ignoring event 'DOMContentLoaded' because document has an invalid readyState of 'complete'.
1621664293397	Marionette	WARN	Ignoring event 'DOMContentLoaded' because document has an invalid readyState of 'complete'.
1621664326900	geckodriver	INFO	Listening on 127.0.0.1:62685
1621664329934	mozrunner::runner	INFO	Running command: "C:\\Program Files\\Firefox Developer Edition\\firefox.exe" "--marionette" "--headless" "-foreground" "-no-remote" "-profile" "C:\\Users\\david\\AppData\\Local\\Temp\\rust_mozprofileuCzR9h"
*** You are running in headless mode.
1621664331132	Marionette	INFO	Marionette enabled
JavaScript error: resource://gre/modules/XULStore.jsm, line 66: Error: Can't find profile directory.
console.warn: SearchSettings: "get: No settings file exists, new profile?" (new NotFoundError("Could not open the file at C:\\Users\\david\\AppData\\Local\\Temp\\rust_mozprofileuCzR9h\\search.json.mozlz4", (void 0)))
1621664332998	Marionette	INFO	Listening on port 62694
1621664333140	Marionette	WARN	TLS certificate errors will be ignored for this session
1621664333860	Marionette	WARN	Ignoring event 'DOMContentLoaded' because document has an invalid readyState of 'complete'.
1621664335052	Marionette	WARN	Ignoring event 'DOMContentLoaded' because document has an invalid readyState of 'complete'.
1621665794068	geckodriver	INFO	Listening on 127.0.0.1:62934
1621665797111	mozrunner::runner	INFO	Running command: "C:\\Program Files\\Firefox Developer Edition\\firefox.exe" "--marionette" "--headless" "-foreground" "-no-remote" "-profile" "C:\\Users\\david\\AppData\\Local\\Temp\\rust_mozprofileuIIoii"
*** You are running in headless mode.
1621665798284	Marionette	INFO	Marionette enabled
JavaScript error: resource://gre/modules/XULStore.jsm, line 66: Error: Can't find profile directory.
console.warn: SearchSettings: "get: No settings file exists, new profile?" (new NotFoundError("Could not open the file at C:\\Users\\david\\AppData\\Local\\Temp\\rust_mozprofileuIIoii\\search.json.mozlz4", (void 0)))
1621665800190	Marionette	INFO	Listening on port 62942
1621665800333	Marionette	WARN	TLS certificate errors will be ignored for this session
1621665801130	Marionette	WARN	Ignoring event 'DOMContentLoaded' because document has an invalid readyState of 'complete'.
1621665802138	Marionette	INFO	Stopped listening on port 62942
console.error: services.settings: 
  main/message-groups Signature failed  TypeError: NetworkError when attempting to fetch resource.
console.error: services.settings: 
  main/partitioning-exempt-urls Signature failed  TypeError: NetworkError when attempting to fetch resource.
1621667147781	geckodriver	INFO	Listening on 127.0.0.1:63091
1621667150826	mozrunner::runner	INFO	Running command: "C:\\Program Files\\Firefox Developer Edition\\firefox.exe" "--marionette" "--headless" "-foreground" "-no-remote" "-profile" "C:\\Users\\david\\AppData\\Local\\Temp\\rust_mozprofilepMoLAP"
*** You are running in headless mode.
1621667152113	Marionette	INFO	Marionette enabled
JavaScript error: resource://gre/modules/XULStore.jsm, line 66: Error: Can't find profile directory.
console.warn: SearchSettings: "get: No settings file exists, new profile?" (new NotFoundError("Could not open the file at C:\\Users\\david\\AppData\\Local\\Temp\\rust_mozprofilepMoLAP\\search.json.mozlz4", (void 0)))
1621667153955	Marionette	INFO	Listening on port 63099
1621667154023	Marionette	WARN	TLS certificate errors will be ignored for this session
1621667154881	Marionette	WARN	Ignoring event 'DOMContentLoaded' because document has an invalid readyState of 'complete'.
1621667155589	Marionette	INFO	Stopped listening on port 63099
1621667390230	geckodriver	INFO	Listening on 127.0.0.1:63274
1621667393270	mozrunner::runner	INFO	Running command: "C:\\Program Files\\Firefox Developer Edition\\firefox.exe" "--marionette" "--headless" "-foreground" "-no-remote" "-profile" "C:\\Users\\david\\AppData\\Local\\Temp\\rust_mozprofileuAigHH"
*** You are running in headless mode.
1621667394534	Marionette	INFO	Marionette enabled
JavaScript error: resource://gre/modules/XULStore.jsm, line 66: Error: Can't find profile directory.
console.warn: SearchSettings: "get: No settings file exists, new profile?" (new NotFoundError("Could not open the file at C:\\Users\\david\\AppData\\Local\\Temp\\rust_mozprofileuAigHH\\search.json.mozlz4", (void 0)))
1621667396397	Marionette	INFO	Listening on port 63283
1621667396482	Marionette	WARN	TLS certificate errors will be ignored for this session
1621667397407	Marionette	WARN	Ignoring event 'DOMContentLoaded' because document has an invalid readyState of 'complete'.
Exiting due to channel error.
Listening on 127.0.0.1:63343
1621667421018	mozrunner::runner	INFO	Running command: "C:\\Program Files\\Firefox Developer Edition\\firefox.exe" "--marionette" "--headless" "-foreground" "-no-remote" "-profile" "C:\\Users\\david\\AppData\\Local\\Temp\\rust_mozprofileWtqdMN"
*** You are running in headless mode.
1621667422310	Marionette	INFO	Marionette enabled
JavaScript error: resource://gre/modules/XULStore.jsm, line 66: Error: Can't find profile directory.
console.warn: SearchSettings: "get: No settings file exists, new profile?" (new NotFoundError("Could not open the file at C:\\Users\\david\\AppData\\Local\\Temp\\rust_mozprofileWtqdMN\\search.json.mozlz4", (void 0)))
1621667424181	Marionette	INFO	Listening on port 63351
1621667424305	Marionette	WARN	TLS certificate errors will be ignored for this session
1621667425116	Marionette	WARN	Ignoring event 'DOMContentLoaded' because document has an invalid readyState of 'complete'.
1621667458931	geckodriver	INFO	Listening on 127.0.0.1:63419
1621667461975	mozrunner::runner	INFO	Running command: "C:\\Program Files\\Firefox Developer Edition\\firefox.exe" "--marionette" "--headless" "-foreground" "-no-remote" "-profile" "C:\\Users\\david\\AppData\\Local\\Temp\\rust_mozprofileNKBU9S"
*** You are running in headless mode.
1621667463180	Marionette	INFO	Marionette enabled
JavaScript error: resource://gre/modules/XULStore.jsm, line 66: Error: Can't find profile directory.
console.warn: SearchSettings: "get: No settings file exists, new profile?" (new NotFoundError("Could not open the file at C:\\Users\\david\\AppData\\Local\\Temp\\rust_mozprofileNKBU9S\\search.json.mozlz4", (void 0)))
1621667464938	Marionette	INFO	Listening on port 63427
1621667465179	Marionette	WARN	TLS certificate errors will be ignored for this session
1621667466059	Marionette	WARN	Ignoring event 'DOMContentLoaded' because document has an invalid readyState of 'complete'.
1621667485664	geckodriver	INFO	Listening on 127.0.0.1:63494
1621667488701	mozrunner::runner	INFO	Running command: "C:\\Program Files\\Firefox Developer Edition\\firefox.exe" "--marionette" "--headless" "-foreground" "-no-remote" "-profile" "C:\\Users\\david\\AppData\\Local\\Temp\\rust_mozprofilesJBCOo"
*** You are running in headless mode.
1621667490602	Marionette	INFO	Marionette enabled
JavaScript error: resource://gre/modules/XULStore.jsm, line 66: Error: Can't find profile directory.
console.warn: SearchSettings: "get: No settings file exists, new profile?" (new NotFoundError("Could not open the file at C:\\Users\\david\\AppData\\Local\\Temp\\rust_mozprofilesJBCOo\\search.json.mozlz4", (void 0)))
1621667492940	Marionette	INFO	Listening on port 63502
1621667493029	Marionette	WARN	TLS certificate errors will be ignored for this session
1621667493823	Marionette	WARN	Ignoring event 'DOMContentLoaded' because document has an invalid readyState of 'complete'.
1621667530320	geckodriver	INFO	Listening on 127.0.0.1:63571
1621667533370	mozrunner::runner	INFO	Running command: "C:\\Program Files\\Firefox Developer Edition\\firefox.exe" "--marionette" "--headless" "-foreground" "-no-remote" "-profile" "C:\\Users\\david\\AppData\\Local\\Temp\\rust_mozprofile4npfZi"
*** You are running in headless mode.
1621667535308	Marionette	INFO	Marionette enabled
JavaScript error: resource://gre/modules/XULStore.jsm, line 66: Error: Can't find profile directory.
console.warn: SearchSettings: "get: No settings file exists, new profile?" (new NotFoundError("Could not open the file at C:\\Users\\david\\AppData\\Local\\Temp\\rust_mozprofile4npfZi\\search.json.mozlz4", (void 0)))
1621667537703	Marionette	INFO	Listening on port 63580
1621667537749	Marionette	WARN	TLS certificate errors will be ignored for this session
1621667538635	Marionette	WARN	Ignoring event 'DOMContentLoaded' because document has an invalid readyState of 'complete'.
1621667539498	Marionette	INFO	Stopped listening on port 63580
1621667595268	geckodriver	INFO	Listening on 127.0.0.1:63641
1621667598317	mozrunner::runner	INFO	Running command: "C:\\Program Files\\Firefox Developer Edition\\firefox.exe" "--marionette" "--headless" "-foreground" "-no-remote" "-profile" "C:\\Users\\david\\AppData\\Local\\Temp\\rust_mozprofilekK26rw"
*** You are running in headless mode.
1621667600108	Marionette	INFO	Marionette enabled
JavaScript error: resource://gre/modules/XULStore.jsm, line 66: Error: Can't find profile directory.
console.warn: SearchSettings: "get: No settings file exists, new profile?" (new NotFoundError("Could not open the file at C:\\Users\\david\\AppData\\Local\\Temp\\rust_mozprofilekK26rw\\search.json.mozlz4", (void 0)))
1621667603027	Marionette	INFO	Listening on port 63649
1621667603208	Marionette	WARN	TLS certificate errors will be ignored for this session
1621667604122	Marionette	WARN	Ignoring event 'DOMContentLoaded' because document has an invalid readyState of 'complete'.
1621667604965	Marionette	INFO	Stopped listening on port 63649
1621667685613	geckodriver	INFO	Listening on 127.0.0.1:63711
1621667688646	mozrunner::runner	INFO	Running command: "C:\\Program Files\\Firefox Developer Edition\\firefox.exe" "--marionette" "--headless" "-foreground" "-no-remote" "-profile" "C:\\Users\\david\\AppData\\Local\\Temp\\rust_mozprofilezoWriK"
*** You are running in headless mode.
1621667690666	Marionette	INFO	Marionette enabled
JavaScript error: resource://gre/modules/XULStore.jsm, line 66: Error: Can't find profile directory.
console.warn: SearchSettings: "get: No settings file exists, new profile?" (new NotFoundError("Could not open the file at C:\\Users\\david\\AppData\\Local\\Temp\\rust_mozprofilezoWriK\\search.json.mozlz4", (void 0)))
1621667693353	Marionette	INFO	Listening on port 63719
1621667693524	Marionette	WARN	TLS certificate errors will be ignored for this session
1621667694456	Marionette	WARN	Ignoring event 'DOMContentLoaded' because document has an invalid readyState of 'complete'.
1621667695247	Marionette	INFO	Stopped listening on port 63719
console.error: services.settings: 
  main/message-groups Signature failed  TypeError: NetworkError when attempting to fetch resource.
console.error: services.settings: 
  main/partitioning-exempt-urls Signature failed  TypeError: NetworkError when attempting to fetch resource.
1621667839227	geckodriver	INFO	Listening on 127.0.0.1:63952
1621667842276	mozrunner::runner	INFO	Running command: "C:\\Program Files\\Firefox Developer Edition\\firefox.exe" "--marionette" "--headless" "-foreground" "-no-remote" "-profile" "C:\\Users\\david\\AppData\\Local\\Temp\\rust_mozprofilejCTjtp"
*** You are running in headless mode.
1621667844247	Marionette	INFO	Marionette enabled
JavaScript error: resource://gre/modules/XULStore.jsm, line 66: Error: Can't find profile directory.
console.warn: SearchSettings: "get: No settings file exists, new profile?" (new NotFoundError("Could not open the file at C:\\Users\\david\\AppData\\Local\\Temp\\rust_mozprofilejCTjtp\\search.json.mozlz4", (void 0)))
1621667847179	Marionette	INFO	Listening on port 63960
1621667847653	Marionette	WARN	TLS certificate errors will be ignored for this session
1621667848440	Marionette	WARN	Ignoring event 'DOMContentLoaded' because document has an invalid readyState of 'complete'.
1621667850082	Marionette	INFO	Stopped listening on port 63960
console.error: services.settings: 
  main/message-groups Signature failed  TypeError: NetworkError when attempting to fetch resource.
console.error: services.settings: 
  main/partitioning-exempt-urls Signature failed  TypeError: NetworkError when attempting to fetch resource.
1621668378891	geckodriver	INFO	Listening on 127.0.0.1:64217
1621668381925	mozrunner::runner	INFO	Running command: "C:\\Program Files\\Firefox Developer Edition\\firefox.exe" "--marionette" "--headless" "-foreground" "-no-remote" "-profile" "C:\\Users\\david\\AppData\\Local\\Temp\\rust_mozprofiledoSULG"
*** You are running in headless mode.
1621668383815	Marionette	INFO	Marionette enabled
JavaScript error: resource://gre/modules/XULStore.jsm, line 66: Error: Can't find profile directory.
console.warn: SearchSettings: "get: No settings file exists, new profile?" (new NotFoundError("Could not open the file at C:\\Users\\david\\AppData\\Local\\Temp\\rust_mozprofiledoSULG\\search.json.mozlz4", (void 0)))
1621668386913	Marionette	INFO	Listening on port 64225
1621668387352	Marionette	WARN	TLS certificate errors will be ignored for this session
1621668388488	Marionette	WARN	Ignoring event 'DOMContentLoaded' because document has an invalid readyState of 'complete'.
1621672943318	geckodriver	INFO	Listening on 127.0.0.1:64535
1621672946355	mozrunner::runner	INFO	Running command: "C:\\Program Files\\Firefox Developer Edition\\firefox.exe" "--marionette" "--headless" "-foreground" "-no-remote" "-profile" "C:\\Users\\david\\AppData\\Local\\Temp\\rust_mozprofilex1knhe"
*** You are running in headless mode.
1621672948832	Marionette	INFO	Marionette enabled
JavaScript error: resource://gre/modules/XULStore.jsm, line 66: Error: Can't find profile directory.
console.warn: SearchSettings: "get: No settings file exists, new profile?" (new NotFoundError("Could not open the file at C:\\Users\\david\\AppData\\Local\\Temp\\rust_mozprofilex1knhe\\search.json.mozlz4", (void 0)))
1621672951761	Marionette	INFO	Listening on port 64547
1621672952230	Marionette	WARN	TLS certificate errors will be ignored for this session
1621672953196	Marionette	WARN	Ignoring event 'DOMContentLoaded' because document has an invalid readyState of 'complete'.
1621672976471	geckodriver	INFO	Listening on 127.0.0.1:64608
1621672979502	mozrunner::runner	INFO	Running command: "C:\\Program Files\\Firefox Developer Edition\\firefox.exe" "--marionette" "--headless" "-foreground" "-no-remote" "-profile" "C:\\Users\\david\\AppData\\Local\\Temp\\rust_mozprofilefo7zyF"
*** You are running in headless mode.
1621672981652	Marionette	INFO	Marionette enabled
JavaScript error: resource://gre/modules/XULStore.jsm, line 66: Error: Can't find profile directory.
console.warn: SearchSettings: "get: No settings file exists, new profile?" (new NotFoundError("Could not open the file at C:\\Users\\david\\AppData\\Local\\Temp\\rust_mozprofilefo7zyF\\search.json.mozlz4", (void 0)))
1621672984612	Marionette	INFO	Listening on port 64620
1621672984920	Marionette	WARN	TLS certificate errors will be ignored for this session
1621672985664	Marionette	WARN	Ignoring event 'DOMContentLoaded' because document has an invalid readyState of 'complete'.
Exiting due to channel error.
Listening on 127.0.0.1:64732
1621673105385	mozrunner::runner	INFO	Running command: "C:\\Program Files\\Firefox Developer Edition\\firefox.exe" "--marionette" "--headless" "-foreground" "-no-remote" "-profile" "C:\\Users\\david\\AppData\\Local\\Temp\\rust_mozprofileWwePmi"
*** You are running in headless mode.
1621673107415	Marionette	INFO	Marionette enabled
JavaScript error: resource://gre/modules/XULStore.jsm, line 66: Error: Can't find profile directory.
console.warn: SearchSettings: "get: No settings file exists, new profile?" (new NotFoundError("Could not open the file at C:\\Users\\david\\AppData\\Local\\Temp\\rust_mozprofileWwePmi\\search.json.mozlz4", (void 0)))
1621673110199	Marionette	INFO	Listening on port 64740
1621673110247	Marionette	WARN	TLS certificate errors will be ignored for this session
console.error: Region.jsm: "Error fetching region" (new Error("TIMEOUT", "resource://gre/modules/Region.jsm", 772))
console.error: Region.jsm: "Failed to fetch region" (new Error("TIMEOUT", "resource://gre/modules/Region.jsm", 419))
Exiting due to channel error.
Listening on 127.0.0.1:64804
1621673180282	mozrunner::runner	INFO	Running command: "C:\\Program Files\\Firefox Developer Edition\\firefox.exe" "--marionette" "--headless" "-foreground" "-no-remote" "-profile" "C:\\Users\\david\\AppData\\Local\\Temp\\rust_mozprofile7EFmAK"
*** You are running in headless mode.
1621673182421	Marionette	INFO	Marionette enabled
JavaScript error: resource://gre/modules/XULStore.jsm, line 66: Error: Can't find profile directory.
console.warn: SearchSettings: "get: No settings file exists, new profile?" (new NotFoundError("Could not open the file at C:\\Users\\david\\AppData\\Local\\Temp\\rust_mozprofile7EFmAK\\search.json.mozlz4", (void 0)))
1621673185184	Marionette	INFO	Listening on port 64812
1621673185688	Marionette	WARN	TLS certificate errors will be ignored for this session
1621673186374	Marionette	WARN	Ignoring event 'DOMContentLoaded' because document has an invalid readyState of 'complete'.
Exiting due to channel error.
Listening on 127.0.0.1:64972
1621673432262	mozrunner::runner	INFO	Running command: "C:\\Program Files\\Firefox Developer Edition\\firefox.exe" "--marionette" "--headless" "-foreground" "-no-remote" "-profile" "C:\\Users\\david\\AppData\\Local\\Temp\\rust_mozprofileYAM734"
*** You are running in headless mode.
1621673434758	Marionette	INFO	Marionette enabled
JavaScript error: resource://gre/modules/XULStore.jsm, line 66: Error: Can't find profile directory.
console.warn: SearchSettings: "get: No settings file exists, new profile?" (new NotFoundError("Could not open the file at C:\\Users\\david\\AppData\\Local\\Temp\\rust_mozprofileYAM734\\search.json.mozlz4", (void 0)))
1621673437357	Marionette	INFO	Listening on port 64980
1621673437645	Marionette	WARN	TLS certificate errors will be ignored for this session
1621673438327	Marionette	WARN	Ignoring event 'DOMContentLoaded' because document has an invalid readyState of 'complete'.
Exiting due to channel error.
Listening on 127.0.0.1:65053
1621673467111	mozrunner::runner	INFO	Running command: "C:\\Program Files\\Firefox Developer Edition\\firefox.exe" "--marionette" "--headless" "-foreground" "-no-remote" "-profile" "C:\\Users\\david\\AppData\\Local\\Temp\\rust_mozprofileEJn5HP"
*** You are running in headless mode.
1621673469160	Marionette	INFO	Marionette enabled
JavaScript error: resource://gre/modules/XULStore.jsm, line 66: Error: Can't find profile directory.
console.warn: SearchSettings: "get: No settings file exists, new profile?" (new NotFoundError("Could not open the file at C:\\Users\\david\\AppData\\Local\\Temp\\rust_mozprofileEJn5HP\\search.json.mozlz4", (void 0)))
1621673472344	Marionette	INFO	Listening on port 65062
1621673472493	Marionette	WARN	TLS certificate errors will be ignored for this session
1621673473308	Marionette	WARN	Ignoring event 'DOMContentLoaded' because document has an invalid readyState of 'complete'.
1621673475310	Marionette	WARN	Ignoring event 'DOMContentLoaded' because document has an invalid readyState of 'complete'.
A content process crashed and MOZ_CRASHREPORTER_SHUTDOWN is set, shutting down
[Parent 18384, IPC I/O Parent] WARNING: file /builds/worker/checkouts/gecko/ipc/chromium/src/base/process_util_win.cc:167
[Parent 18384, IPC I/O Parent] WARNING: file /builds/worker/checkouts/gecko/ipc/chromium/src/base/process_util_win.cc:167
1621676933223	Marionette	INFO	Stopped listening on port 65062
ed
JavaScript error: resource://gre/modules/XULStore.jsm, line 66: Error: Can't find profile directory.
console.warn: SearchSettings: "get: No settings file exists, new profile?" (new NotFoundError("Could not open the file at C:\\Users\\david\\AppData\\Local\\Temp\\rust_mozprofilePmV6rj\\search.json.mozlz4", (void 0)))
1621673521190	Marionette	INFO	Listening on port 65150
1621673521662	Marionette	WARN	TLS certificate errors will be ignored for this session
1621673522843	Marionette	WARN	Ignoring event 'DOMContentLoaded' because document has an invalid readyState of 'complete'.
1621673524480	Marionette	WARN	Ignoring event 'DOMContentLoaded' because document has an invalid readyState of 'complete'.
1621673593269	geckodriver	INFO	Listening on 127.0.0.1:65248
1621673596303	mozrunner::runner	INFO	Running command: "C:\\Program Files\\Firefox Developer Edition\\firefox.exe" "--marionette" "--headless" "-foreground" "-no-remote" "-profile" "C:\\Users\\david\\AppData\\Local\\Temp\\rust_mozprofileWhoIAa"
*** You are running in headless mode.
1621673599027	Marionette	INFO	Marionette enabled
JavaScript error: resource://gre/modules/XULStore.jsm, line 66: Error: Can't find profile directory.
console.warn: SearchSettings: "get: No settings file exists, new profile?" (new NotFoundError("Could not open the file at C:\\Users\\david\\AppData\\Local\\Temp\\rust_mozprofileWhoIAa\\search.json.mozlz4", (void 0)))
1621673601789	Marionette	INFO	Listening on port 65256
1621673602169	Marionette	WARN	TLS certificate errors will be ignored for this session
1621673602979	Marionette	WARN	Ignoring event 'DOMContentLoaded' because document has an invalid readyState of 'complete'.
1621673604834	Marionette	WARN	Ignoring event 'DOMContentLoaded' because document has an invalid readyState of 'complete'.
A content process crashed and MOZ_CRASHREPORTER_SHUTDOWN is set, shutting down
[Parent 25164, IPC I/O Parent] WARNING: file /builds/worker/checkouts/gecko/ipc/chromium/src/base/process_util_win.cc:167
[Parent 25164, IPC I/O Parent] WARNING: file /builds/worker/checkouts/gecko/ipc/chromium/src/base/process_util_win.cc:167
1621676927156	Marionette	INFO	Stopped listening on port 65256
ed
JavaScript error: resource://gre/modules/XULStore.jsm, line 66: Error: Can't find profile directory.
console.warn: SearchSettings: "get: No settings file exists, new profile?" (new NotFoundError("Could not open the file at C:\\Users\\david\\AppData\\Local\\Temp\\rust_mozprofileWvFnKy\\search.json.mozlz4", (void 0)))
1621673637404	Marionette	INFO	Listening on port 65340
1621673637860	Marionette	WARN	TLS certificate errors will be ignored for this session
console.error: Region.jsm: "Error fetching region" (new Error("TIMEOUT", "resource://gre/modules/Region.jsm", 772))
console.error: Region.jsm: "Failed to fetch region" (new Error("TIMEOUT", "resource://gre/modules/Region.jsm", 419))
1621673650835	Marionette	WARN	Ignoring event 'DOMContentLoaded' because document has an invalid readyState of 'complete'.
A content process crashed and MOZ_CRASHREPORTER_SHUTDOWN is set, shutting down
[Parent 8684, IPC I/O Parent] WARNING: file /builds/worker/checkouts/gecko/ipc/chromium/src/base/process_util_win.cc:167
[Parent 8684, IPC I/O Parent] WARNING: file /builds/worker/checkouts/gecko/ipc/chromium/src/base/process_util_win.cc:167
1621676919490	Marionette	INFO	Stopped listening on port 65340
::runnJavaScript error: resource://gre/modules/XULStore.jsm, line 66: Error: Can't find profile directory.
console.warn: SearchSettings: "get: No settings file exists, new profile?" (new NotFoundError("Could not open the*** You are running in headless mode.
1621673734462	Marionette	INFO	Marionette enabled
JavaScript error: resource://gre/modules/XULStore.jsm, line 66: Error: Can't find profile directory.
console.warn: SearchSettings: "get: No settings file exists, new profile?" (new NotFoundError("Could not open the file at C:\\Users\\david\\AppData\\Local\\Temp\\rust_mozprofilei51621673737639	Marionette	WARN	Ignoring 1621673737732	Marionette	INFO	Listening on port 65457
1621673737904	Marionette	WARN	TLS certificate errors will be ignored for this session
1621673739796	Marionette	WARN	Ignoring event 'DOMContentLoaded' because document has an invalid readyState of 'complete'.
1621673741707	Marionette	WARN	Ignoring event 'DOMContentLoaded' because document has an invalid readyState of 'complete'.
1621673796668	geckodriver	INFO	Listening on 127.0.0.1:49214
1621673799692	mozrunner::runner	INFO	Running command: "C:\\Program Files\\Firefox Developer Edition\\firefox.exe" "--marionette" "--headless" "-foreground" "-no-remote" "-profile" "C:\\Users\\david\\AppData\\Local\\Temp\\rust_mozprofilewsQ95U"
*** You are running in headless mode.
1621673802765	Marionette	INFO	Marionette enabled
JavaScript error: resource://gre/modules/XULStore.jsm, line 66: Error: Can't find profile directory.
console.warn: SearchSettings: "get: No settings file exists, new profile?" (new NotFoundError("Could not open the file at C:\\Users\\david\\AppData\\Local\\Temp\\rust_mozprofilewsQ95U\\search.json.mozlz4", (void 0)))
1621673805827	Marionette	INFO	Listening on port 49224
1621673806089	Marionette	WARN	TLS certificate errors will be ignored for this session
1621673806859	Marionette	WARN	Ignoring event 'DOMContentLoaded' because document has an invalid readyState of 'complete'.
1621673808245	Marionette	WARN	Ignoring event 'DOMContentLoaded' because document has an invalid readyState of 'complete'.

###!!! [Parent][MessageChannel] Error: (msgtype=0x390144,name=PContent::Msg_AsyncMessage) Channel error: cannot send/recv

A content process crashed and MOZ_CRASHREPORTER_SHUTDOWN is set, shutting down
[Parent 28180, IPC I/O Parent] WARNING: file /builds/worker/checkouts/gecko/ipc/chromium/src/base/process_util_win.cc:167
1621676915653	Marionette	INFO	Stopped listening on port 49224
JavaScript error: resource://gre/modules/XULStore.jsm, line 66: Error: Can't find profile directory.
console.warn: SearchSettings: "get: No settings file exists, new profile?" (new NotFoundError("Could not open the file at C:\\Users\\david\\AppData\\Local\\Temp\\rust_mozprofileGdji4G\\search.json.mozlz4", (void 0)))
1621673826767	Marionette	INFO	Listening on port 49303
1621673826913	Marionette	WARN	TLS certificate errors will be ignored for this session
1621673827951	Marionette	WARN	Ignoring event 'DOMContentLoaded' because document has an invalid readyState of 'complete'.
A content process crashed and MOZ_CRASHREPORTER_SHUTDOWN is set, shutting down
[Parent 28716, IPC I/O Parent] WARNING: file /builds/worker/checkouts/gecko/ipc/chromium/src/base/process_util_win.cc:167
[Parent 28716, IPC I/O Parent] WARNING: file /builds/worker/checkouts/gecko/ipc/chromium/src/base/process_util_win.cc:167
1621676908745	Marionette	INFO	Stopped listening on port 49303
e.jsm, line 66: Error: Can't find profile directory.
console.warn: SearchSettings: "get: No settings file exists, new profile?" (new NotFoundError("Could not open the file at C:\\Users\\david\\AppData\\Local\\Temp\\rust_mozprofileLWjbyR\\search.json.mozlz4", (void 0)))
1621673895100	Marionette	INFO	Listening on port 49425
1621673895514	Marionette	WARN	TLS certificate errors will be ignored for this session
1621673896326	Marionette	WARN	Ignoring event 'DOMContentLoaded' because document has an invalid readyState of 'complete'.
1621673898147	Marionette	WARN	Ignoring event 'DOMContentLoaded' because document has an invalid readyState of 'complete'.
1621674092567	Marionette	INFO	Stopped listening on port 49425

###!!! [Child][RunMessage] Error: Channel closing: too late to send/recv, messages will be lost

1621674219800	geckodriver	INFO	Listening on 127.0.0.1:49638
1621674222853	mozrunner::runner	INFO	Running command: "C:\\Program Files\\Firefox Developer Edition\\firefox.exe" "--marionette" "-foreground" "-no-remote" "-profile" "C:\\Users\\david\\AppData\\Local\\Temp\\rust_mozprofilemxkbNJ"
1621674225967	Marionette	INFO	Marionette enabled
JavaScript error: resource://gre/modules/XULStore.jsm, line 66: Error: Can't find profile directory.
console.warn: SearchSettings: "get: No settings file exists, new profile?" (new NotFoundError("Could not open the file at C:\\Users\\david\\AppData\\Local\\Temp\\rust_mozprofilemxkbNJ\\search.json.mozlz4", (void 0)))
1621674231874	Marionette	INFO	Listening on port 49651
1621674232062	Marionette	WARN	TLS certificate errors will be ignored for this session
1621674232885	Marionette	WARN	Ignoring event 'DOMContentLoaded' because document has an invalid readyState of 'complete'.
1621674233956	Marionette	INFO	Stopped listening on port 49651
console.error: services.settings: 
  main/message-groups Signature failed  TypeError: NetworkError when attempting to fetch resource.
console.error: services.settings: 
  main/partitioning-exempt-urls Signature failed  TypeError: NetworkError when attempting to fetch resource.
[Child 27444, IPC I/O Child] WARNING: pipe error: 232: file /builds/worker/checkouts/gecko/ipc/chromium/src/chrome/common/ipc_channel_win.cc:544

###!!! [Child][RunMessage] Error: Channel closing: too late to send/recv, messages will be lost


###!!! [Child][RunMessage] Error: Channel closing: too late to send/recv, messages will be lost


###!!! [Child][RunMessage] Error: Channel closing: too late to send/recv, messages will be lost


###!!! [Child][RunMessage] Error: Channel closing: too late to send/recv, messages will be lost


###!!! [Child][RunMessage] Error: Channel closing: too late to send/recv, messages will be lost


###!!! [Child][RunMessage] Error: Channel closing: too late to send/recv, messages will be lost


###!!! [Child][RunMessage] Error: Channel closing: too late to send/recv, messages will be lost


###!!! [Child][RunMessage] Error: Channel closing: too late to send/recv, messages will be lost


###!!! [Child][RunMessage] Error: Channel closing: too late to send/recv, messages will be lost


###!!! [Child][RunMessage] Error: Channel closing: too late to send/recv, messages will be lost

1621674477817	geckodriver	INFO	Listening on 127.0.0.1:49827
1621674480842	mozrunner::runner	INFO	Running command: "C:\\Program Files\\Firefox Developer Edition\\firefox.exe" "--marionette" "-foreground" "-no-remote" "-profile" "C:\\Users\\david\\AppData\\Local\\Temp\\rust_mozprofileRiDnya"
1621674483374	Marionette	INFO	Marionette enabled
JavaScript error: resource://gre/modules/XULStore.jsm, line 66: Error: Can't find profile directory.
console.warn: SearchSettings: "get: No settings file exists, new profile?" (new NotFoundError("Could not open the file at C:\\Users\\david\\AppData\\Local\\Temp\\rust_mozprofileRiDnya\\search.json.mozlz4", (void 0)))
1621674488103	Marionette	INFO	Listening on port 49835
1621674488379	Marionette	WARN	TLS certificate errors will be ignored for this session
1621674489126	Marionette	WARN	Ignoring event 'DOMContentLoaded' because document has an invalid readyState of 'complete'.
1621674506245	Marionette	INFO	Stopped listening on port 49835
1621674603615	geckodriver	INFO	Listening on 127.0.0.1:49922
1621674606640	mozrunner::runner	INFO	Running command: "C:\\Program Files\\Firefox Developer Edition\\firefox.exe" "--marionette" "-foreground" "-no-remote" "-profile" "C:\\Users\\david\\AppData\\Local\\Temp\\rust_mozprofileGSjqKL"
1621674608784	Marionette	INFO	Marionette enabled
JavaScript error: resource://gre/modules/XULStore.jsm, line 66: Error: Can't find profile directory.
console.warn: SearchSettings: "get: No settings file exists, new profile?" (new NotFoundError("Could not open the file at C:\\Users\\david\\AppData\\Local\\Temp\\rust_mozprofileGSjqKL\\search.json.mozlz4", (void 0)))
1621674614464	Marionette	INFO	Listening on port 49932
console.warn: services.settings: main/cfr sync interrupted by shutdown
1621674615956	Marionette	INFO	Stopped listening on port 49932

###!!! [Child][RunMessage] Error: Channel closing: too late to send/recv, messages will be lost

1621674627423	geckodriver	INFO	Listening on 127.0.0.1:49965
1621674630452	mozrunner::runner	INFO	Running command: "C:\\Program Files\\Firefox Developer Edition\\firefox.exe" "--marionette" "-foreground" "-no-remote" "-profile" "C:\\Users\\david\\AppData\\Local\\Temp\\rust_mozprofile2RzcRN"
1621674632690	Marionette	INFO	Marionette enabled
JavaScript error: resource://gre/modules/XULStore.jsm, line 66: Error: Can't find profile directory.
console.warn: SearchSettings: "get: No settings file exists, new profile?" (new NotFoundError("Could not open the file at C:\\Users\\david\\AppData\\Local\\Temp\\rust_mozprofile2RzcRN\\search.json.mozlz4", (void 0)))
1621674637431	Marionette	INFO	Listening on port 49974
1621674637951	Marionette	WARN	TLS certificate errors will be ignored for this session
1621674638790	Marionette	WARN	Ignoring event 'DOMContentLoaded' because document has an invalid readyState of 'complete'.
1621674640744	Marionette	WARN	Ignoring event 'DOMContentLoaded' because document has an invalid readyState of 'complete'.
1621674951494	Marionette	INFO	Stopped listening on port 49974

###!!! [Child][RunMessage] Error: Channel closing: too late to send/recv, messages will be lost

efox.exe" "--marionette" "--headless" "-foreground" "-no-remote" "-profile" "C:\\Users\\david\\AppData\\Local\\Temp\\rust_mozprofilejudhIB"
*** You are running in headless mode.
1621674760540	Marionette	INFO	Marionette enabled
JavaScript error: resource://gre/modules/XULStore.jsm, line 66: Error: Can't find profile directory.
console.warn: SearchSettings: "get: No settings file exists, new profile?" (new NotFoundError("Could not open the file at C:\\Users\\david\\AppData\\Local\\Temp\\rust_mozprofilejudhIB\\search.json.mozlz4", (void 0)))
1621674763441	Marionette	INFO	Listening on port 50110
1621674763522	Marionette	WARN	TLS certificate errors will be ignored for this session
1621674764337	Marionette	WARN	Ignoring event 'DOMContentLoaded' because document has an invalid readyState of 'complete'.
1621674766083	Marionette	WARN	Ignoring event 'DOMContentLoaded' because document has an invalid readyState of 'complete'.
A content process crashed and MOZ_CRASHREPORTER_SHUTDOWN is set, shutting down
[Parent 12796, IPC I/O Parent] WARNING: file /builds/worker/checkouts/gecko/ipc/chromium/src/base/process_util_win.cc:167
1621676901993	Marionette	INFO	Stopped listening on port 50110
\\Local\\Temp\\rust_mozprofileiiXpJh"
*** You are running in headless mode.
1621674860144	Marionette	INFO	Marionette enabled
JavaScript error: resource://gre/modules/XULStore.jsm, line 66: Error: Can't find profile directory.
console.warn: SearchSettings: "get: No settings file exists, new profile?" (new NotFoundError("Could not open the file at C:\\Users\\david\\AppData\\Local\\Temp\\rust_mozprofileiiXpJh\\search.json.mozlz4", (void 0)))
1621674862851	Marionette	INFO	Listening on port 50204
1621674863099	Marionette	WARN	TLS certificate errors will be ignored for this session
1621674863920	Marionette	WARN	Ignoring event 'DOMContentLoaded' because document has an invalid readyState of 'complete'.
1621674865526	Marionette	WARN	Ignoring event 'DOMContentLoaded' because document has an invalid readyState of 'complete'.
JavaScript error: , line 0: NotFoundError: No such JSWindowActor 'MarionetteEvents'
JavaScript error: , line 0: NotFoundError: No such JSWindowActor 'MarionetteEvents'
A content process crashed and MOZ_CRASHREPORTER_SHUTDOWN is set, shutting down
[Parent 20688, IPC I/O Parent] WARNING: file /builds/worker/checkouts/gecko/ipc/chromium/src/base/process_util_win.cc:167
1621676887731	Marionette	INFO	Stopped listening on port 50204
\\Local\\Temp\\rust_mozprofile8TmDU4"
*** You are running in headless mode.
1621674907458	Marionette	INFO	Marionette enabled
JavaScript error: resource://gre/modules/XULStore.jsm, line 66: Error: Can't find profile directory.
console.warn: SearchSettings: "get: No settings file exists, new profile?" (new NotFoundError("Could not open the file at C:\\Users\\david\\AppData\\Local\\Temp\\rust_mozprofile8TmDU4\\search.json.mozlz4", (void 0)))
1621674910552	Marionette	INFO	Listening on port 50308
1621674911045	Marionette	WARN	TLS certificate errors will be ignored for this session
1621674911930	Marionette	WARN	Ignoring event 'DOMContentLoaded' because document has an invalid readyState of 'complete'.
1621674921487	Marionette	WARN	Ignoring event 'DOMContentLoaded' because document has an invalid readyState of 'complete'.
1621674921648	Marionette	INFO	Stopped listening on port 50308
1621675090537	geckodriver	INFO	Listening on 127.0.0.1:50410
1621675093557	mozrunner::runner	INFO	Running command: "C:\\Program Files\\Firefox Developer Edition\\firefox.exe" "--marionette" "--headless" "-foreground" "-no-remote" "-profile" "C:\\Users\\david\\AppData\\Local\\Temp\\rust_mozprofilecJEz6Q"
*** You are running in headless mode.
1621675095783	Marionette	INFO	Marionette enabled
JavaScript error: resource://gre/modules/XULStore.jsm, line 66: Error: Can't find profile directory.
console.warn: SearchSettings: "get: No settings file exists, new profile?" (new NotFoundError("Could not open the file at C:\\Users\\david\\AppData\\Local\\Temp\\rust_mozprofilecJEz6Q\\search.json.mozlz4", (void 0)))
1621675098447	Marionette	INFO	Listening on port 50419
1621675098940	Marionette	WARN	TLS certificate errors will be ignored for this session
1621675099713	Marionette	WARN	Ignoring event 'DOMContentLoaded' because document has an invalid readyState of 'complete'.
1621675101467	Marionette	WARN	Ignoring event 'DOMContentLoaded' because document has an invalid readyState of 'complete'.
A content process crashed and MOZ_CRASHREPORTER_SHUTDOWN is set, shutting down
[Parent 30924, IPC I/O Parent] WARNING: file /builds/worker/checkouts/gecko/ipc/chromium/src/base/process_util_win.cc:167
1621676900337	Marionette	INFO	Stopped listening on port 50419
\\Local\\Temp\\rust_mozprofilenrgTdB"
*** You are running in headless mode.
1621675233380	Marionette	INFO	Marionette enabled
JavaScript error: resource://gre/modules/XULStore.jsm, line 66: Error: Can't find profile directory.
console.warn: SearchSettings: "get: No settings file exists, new profile?" (new NotFoundError("Could not open the file at C:\\Users\\david\\AppData\\Local\\Temp\\rust_mozprofilenrgTdB\\search.json.mozlz4", (void 0)))
1621675236348	Marionette	INFO	Listening on port 50563
1621675236682	Marionette	WARN	TLS certificate errors will be ignored for this session
1621675237466	Marionette	WARN	Ignoring event 'DOMContentLoaded' because document has an invalid readyState of 'complete'.
1621675239700	Marionette	WARN	Ignoring event 'DOMContentLoaded' because document has an invalid readyState of 'complete'.
1621675240776	Marionette	INFO	Stopped listening on port 50563
1621675451812	geckodriver	INFO	Listening on 127.0.0.1:50813
1621675454866	mozrunner::runner	INFO	Running command: "C:\\Program Files\\Firefox Developer Edition\\firefox.exe" "--marionette" "--headless" "-foreground" "-no-remote" "-profile" "C:\\Users\\david\\AppData\\Local\\Temp\\rust_mozprofile0PUvHQ"
*** You are running in headless mode.
1621675458056	Marionette	INFO	Marionette enabled
JavaScript error: resource://gre/modules/XULStore.jsm, line 66: Error: Can't find profile directory.
console.warn: SearchSettings: "get: No settings file exists, new profile?" (new NotFoundError("Could not open the file at C:\\Users\\david\\AppData\\Local\\Temp\\rust_mozprofile0PUvHQ\\search.json.mozlz4", (void 0)))
1621675461930	Marionette	INFO	Listening on port 50823
1621675462043	Marionette	WARN	TLS certificate errors will be ignored for this session
1621675463046	Marionette	WARN	Ignoring event 'DOMContentLoaded' because document has an invalid readyState of 'complete'.
1621675465388	Marionette	WARN	Ignoring event 'DOMContentLoaded' because document has an invalid readyState of 'complete'.
[Parent 31572, IPC I/O Parent] WARNING: file /builds/worker/checkouts/gecko/ipc/chromium/src/base/process_util_win.cc:167
1621675465503	Marionette	INFO	Stopped listening on port 50823
console.error: services.settings: 
  main/message-groups Signature failed  TypeError: NetworkError when attempting to fetch resource.
console.error: services.settings: 
  main/partitioning-exempt-urls Signature failed  TypeError: NetworkError when attempting to fetch resource.
[Child 28860, IPC I/O Child] WARNING: pipe error: 232: file /builds/worker/checkouts/gecko/ipc/chromium/src/chrome/common/ipc_channel_win.cc:544

###!!! [Child][RunMessage] Error: Channel error: cannot send/recv

1621675648426	geckodriver	INFO	Listening on 127.0.0.1:50961
1621675665506	geckodriver	INFO	Listening on 127.0.0.1:50974
1621675668536	mozrunner::runner	INFO	Running command: "C:\\Program Files\\Firefox Developer Edition\\firefox.exe" "--marionette" "--headless" "-foreground" "-no-remote" "-profile" "C:\\Users\\david\\AppData\\Local\\Temp\\rust_mozprofileYNH3Ge"
*** You are running in headless mode.
1621675670680	Marionette	INFO	Marionette enabled
JavaScript error: resource://gre/modules/XULStore.jsm, line 66: Error: Can't find profile directory.
console.warn: SearchSettings: "get: No settings file exists, new profile?" (new NotFoundError("Could not open the file at C:\\Users\\david\\AppData\\Local\\Temp\\rust_mozprofileYNH3Ge\\search.json.mozlz4", (void 0)))
1621675673526	Marionette	INFO	Listening on port 50982
1621675673935	Marionette	WARN	TLS certificate errors will be ignored for this session
1621675718783	Marionette	WARN	Ignoring event 'DOMContentLoaded' because document has an invalid readyState of 'complete'.
[GFX1-]: Receive IPC close with reason=AbnormalShutdown
Exiting due to channel error.
Exiting due to channel error.
Program Files\\Firefox Developer Edition\\firefox.exe" "--marionette" "--headless" "-foreground" "-no-remote" "-profile" "C:\\Users\\david\\AppData\\Local\\Temp\\rust_mozprofileO8wIi9"
*** You are running in headless mode.
1621675778777	Marionette	INFO	Marionette enabled
JavaScript error: resource://gre/modules/XULStore.jsm, line 66: Error: Can't find profile directory.
console.warn: SearchSettings: "get: No settings file exists, new profile?" (new NotFoundError("Could not open the file at C:\\Users\\david\\AppData\\Local\\Temp\\rust_mozprofileO8wIi9\\search.json.mozlz4", (void 0)))
1621675782110	Marionette	INFO	Listening on port 51076
1621675782153	Marionette	WARN	TLS certificate errors will be ignored for this session
1621675782819	Marionette	WARN	Ignoring event 'DOMContentLoaded' because document has an invalid readyState of 'complete'.
1621675784235	Marionette	WARN	Ignoring event 'DOMContentLoaded' because document has an invalid readyState of 'complete'.
1621676444030	geckodriver	INFO	Listening on 127.0.0.1:51459
1621676447074	mozrunner::runner	INFO	Running command: "C:\\Program Files\\Firefox Developer Edition\\firefox.exe" "--marionette" "--headless" "-foreground" "-no-remote" "-profile" "C:\\Users\\david\\AppData\\Local\\Temp\\rust_mozprofilenfrOTo"
*** You are running in headless mode.
1621676449971	Marionette	INFO	Marionette enabled
JavaScript error: resource://gre/modules/XULStore.jsm, line 66: Error: Can't find profile directory.
console.warn: SearchSettings: "get: No settings file exists, new profile?" (new NotFoundError("Could not open the file at C:\\Users\\david\\AppData\\Local\\Temp\\rust_mozprofilenfrOTo\\search.json.mozlz4", (void 0)))
1621676453022	Marionette	INFO	Listening on port 51468
1621676453451	Marionette	WARN	TLS certificate errors will be ignored for this session
1621676454383	Marionette	WARN	Ignoring event 'DOMContentLoaded' because document has an invalid readyState of 'complete'.
1621676455125	Marionette	INFO	Stopped listening on port 51468
1621676493461	geckodriver	INFO	Listening on 127.0.0.1:51523
1621676496488	mozrunner::runner	INFO	Running command: "C:\\Program Files\\Firefox Developer Edition\\firefox.exe" "--marionette" "--headless" "-foreground" "-no-remote" "-profile" "C:\\Users\\david\\AppData\\Local\\Temp\\rust_mozprofilelEnZuF"
*** You are running in headless mode.
1621676498724	Marionette	INFO	Marionette enabled
JavaScript error: resource://gre/modules/XULStore.jsm, line 66: Error: Can't find profile directory.
console.warn: SearchSettings: "get: No settings file exists, new profile?" (new NotFoundError("Could not open the file at C:\\Users\\david\\AppData\\Local\\Temp\\rust_mozprofilelEnZuF\\search.json.mozlz4", (void 0)))
1621676501522	Marionette	INFO	Listening on port 51533
1621676501867	Marionette	WARN	TLS certificate errors will be ignored for this session
1621676502664	Marionette	WARN	Ignoring event 'DOMContentLoaded' because document has an invalid readyState of 'complete'.
console.error: services.settings: 
  main/message-groups Signature failed  TypeError: NetworkError when attempting to fetch resource.
A content process crashed and MOZ_CRASHREPORTER_SHUTDOWN is set, shutting down
[Parent 22356, IPC I/O Parent] WARNING: file /builds/worker/checkouts/gecko/ipc/chromium/src/base/process_util_win.cc:167
console.log: "RemoteSettingsWorker error: AbortError: IndexedDB:  execute() A request was aborted, for example through a call to IDBTransaction.abort."
console.error: services.settings: 
  Message: TypeError: NetworkError when attempting to fetch resource.
  Stack:
    timedFetch/<@resource://services-common/kinto-http-client.js:549:22
timedFetch@resource://services-common/kinto-http-client.js:527:20
request@resource://services-common/kinto-http-client.js:613:41
execute@resource://services-common/kinto-http-client.js:2400:44
_fetchChangeset@resource://services-settings/RemoteSettingsClient.jsm:1038:22
_importChanges@resource://services-settings/RemoteSettingsClient.jsm:890:20
maybeSync@resource://services-settings/RemoteSettingsClient.jsm:595:35
observe@resource://gre/modules/AsyncShutdown.jsm:575:16

console.warn: services.settings: security-state/onecrl sync interrupted by shutdown
1621676894367	Marionette	INFO	Stopped listening on port 51533
xists, new profile?" (new NotFoundError("Could not open the file at C:\\Users\\david\\AppData\\Local\\Temp\\rust_mozprofileZv7WZl\\search.json.mozlz4", (void 0)))
1621676658857	Marionette	INFO	Listening on port 51694
1621676659379	Marionette	WARN	TLS certificate errors will be ignored for this session
1621676660166	Marionette	WARN	Ignoring event 'DOMContentLoaded' because document has an invalid readyState of 'complete'.
1621676661527	Marionette	INFO	Stopped listening on port 51694
1621676717766	geckodriver	INFO	Listening on 127.0.0.1:51761
1621676720800	mozrunner::runner	INFO	Running command: "C:\\Program Files\\Firefox Developer Edition\\firefox.exe" "--marionette" "--headless" "-foreground" "-no-remote" "-profile" "C:\\Users\\david\\AppData\\Local\\Temp\\rust_mozprofilezaCEYh"
*** You are running in headless mode.
1621676723959	Marionette	INFO	Marionette enabled
JavaScript error: resource://gre/modules/XULStore.jsm, line 66: Error: Can't find profile directory.
console.warn: SearchSettings: "get: No settings file exists, new profile?" (new NotFoundError("Could not open the file at C:\\Users\\david\\AppData\\Local\\Temp\\rust_mozprofilezaCEYh\\search.json.mozlz4", (void 0)))
1621676727778	Marionette	INFO	Listening on port 51769
1621676728303	Marionette	WARN	TLS certificate errors will be ignored for this session
1621676729327	Marionette	WARN	Ignoring event 'DOMContentLoaded' because document has an invalid readyState of 'complete'.
A content process crashed and MOZ_CRASHREPORTER_SHUTDOWN is set, shutting down
[Parent 32316, IPC I/O Parent] WARNING: file /builds/worker/checkouts/gecko/ipc/chromium/src/base/process_util_win.cc:167
1621676879968	Marionette	INFO	Stopped listening on port 51769
\\Local\\Temp\\rust_mozprofileu21Zlm"
*** You are running in headless mode.
out of memory: 0x0000000000000080 bytes requested
1621677070719	geckodriver	INFO	Listening on 127.0.0.1:49842
1621677073725	mozrunner::runner	INFO	Running command: "C:\\Program Files\\Firefox Developer Edition\\firefox.exe" "--marionette" "--headless" "-foreground" "-no-remote" "-profile" "C:\\Users\\david\\AppData\\Local\\Temp\\rust_mozprofile3OW0Pf"
*** You are running in headless mode.
1621677077019	Marionette	INFO	Marionette enabled
JavaScript error: resource://gre/modules/XULStore.jsm, line 66: Error: Can't find profile directory.
console.warn: SearchSettings: "get: No settings file exists, new profile?" (new NotFoundError("Could not open the file at C:\\Users\\david\\AppData\\Local\\Temp\\rust_mozprofile3OW0Pf\\search.json.mozlz4", (void 0)))
1621677080115	Marionette	INFO	Listening on port 49854
1621677080651	Marionette	WARN	TLS certificate errors will be ignored for this session
1621677081535	Marionette	WARN	Ignoring event 'DOMContentLoaded' because document has an invalid readyState of 'complete'.
1621677326017	geckodriver	INFO	Listening on 127.0.0.1:50048
1621677329052	mozrunner::runner	INFO	Running command: "C:\\Program Files\\Firefox Developer Edition\\firefox.exe" "--marionette" "--headless" "-foreground" "-no-remote" "-profile" "C:\\Users\\david\\AppData\\Local\\Temp\\rust_mozprofilebWW7LC"
*** You are running in headless mode.
1621677330883	Marionette	INFO	Marionette enabled
JavaScript error: resource://gre/modules/XULStore.jsm, line 66: Error: Can't find profile directory.
console.warn: SearchSettings: "get: No settings file exists, new profile?" (new NotFoundError("Could not open the file at C:\\Users\\david\\AppData\\Local\\Temp\\rust_mozprofilebWW7LC\\search.json.mozlz4", (void 0)))
1621677333756	Marionette	INFO	Listening on port 50058
1621677333947	Marionette	WARN	TLS certificate errors will be ignored for this session
1621677334776	Marionette	WARN	Ignoring event 'DOMContentLoaded' because document has an invalid readyState of 'complete'.
1621677336223	Marionette	WARN	Ignoring event 'DOMContentLoaded' because document has an invalid readyState of 'complete'.
1621677529120	geckodriver	INFO	Listening on 127.0.0.1:50163
1621677532156	mozrunner::runner	INFO	Running command: "C:\\Program Files\\Firefox Developer Edition\\firefox.exe" "--marionette" "--headless" "-foreground" "-no-remote" "-profile" "C:\\Users\\david\\AppData\\Local\\Temp\\rust_mozprofileuAAHVi"
*** You are running in headless mode.
1621677533949	Marionette	INFO	Marionette enabled
JavaScript error: resource://gre/modules/XULStore.jsm, line 66: Error: Can't find profile directory.
console.warn: SearchSettings: "get: No settings file exists, new profile?" (new NotFoundError("Could not open the file at C:\\Users\\david\\AppData\\Local\\Temp\\rust_mozprofileuAAHVi\\search.json.mozlz4", (void 0)))
1621677536465	Marionette	INFO	Listening on port 50171
1621677536528	Marionette	WARN	TLS certificate errors will be ignored for this session
1621677537399	Marionette	WARN	Ignoring event 'DOMContentLoaded' because document has an invalid readyState of 'complete'.
1621677539188	Marionette	INFO	Stopped listening on port 50171
1621677630873	geckodriver	INFO	Listening on 127.0.0.1:50233
1621677633897	mozrunner::runner	INFO	Running command: "C:\\Program Files\\Firefox Developer Edition\\firefox.exe" "--marionette" "--headless" "-foreground" "-no-remote" "-profile" "C:\\Users\\david\\AppData\\Local\\Temp\\rust_mozprofileNR3Itj"
*** You are running in headless mode.
1621677635640	Marionette	INFO	Marionette enabled
JavaScript error: resource://gre/modules/XULStore.jsm, line 66: Error: Can't find profile directory.
console.warn: SearchSettings: "get: No settings file exists, new profile?" (new NotFoundError("Could not open the file at C:\\Users\\david\\AppData\\Local\\Temp\\rust_mozprofileNR3Itj\\search.json.mozlz4", (void 0)))
1621677638268	Marionette	INFO	Listening on port 50251
1621677638745	Marionette	WARN	TLS certificate errors will be ignored for this session
1621677639514	Marionette	WARN	Ignoring event 'DOMContentLoaded' because document has an invalid readyState of 'complete'.
1621677641208	Marionette	INFO	Stopped listening on port 50251
JavaScript error: chrome://global/content/elements/browser-custom-element.js, line 1716: NotFoundError: No such JSWindowActor 'MarionetteEvents'
1621677698729	geckodriver	INFO	Listening on 127.0.0.1:50319
1621677701756	mozrunner::runner	INFO	Running command: "C:\\Program Files\\Firefox Developer Edition\\firefox.exe" "--marionette" "--headless" "-foreground" "-no-remote" "-profile" "C:\\Users\\david\\AppData\\Local\\Temp\\rust_mozprofilezonWNu"
*** You are running in headless mode.
1621677703496	Marionette	INFO	Marionette enabled
JavaScript error: resource://gre/modules/XULStore.jsm, line 66: Error: Can't find profile directory.
console.warn: SearchSettings: "get: No settings file exists, new profile?" (new NotFoundError("Could not open the file at C:\\Users\\david\\AppData\\Local\\Temp\\rust_mozprofilezonWNu\\search.json.mozlz4", (void 0)))
1621677706260	Marionette	INFO	Listening on port 50327
1621677706632	Marionette	WARN	TLS certificate errors will be ignored for this session
1621677707371	Marionette	WARN	Ignoring event 'DOMContentLoaded' because document has an invalid readyState of 'complete'.
1621677708948	Marionette	WARN	Ignoring event 'DOMContentLoaded' because document has an invalid readyState of 'complete'.
1621677709167	Marionette	INFO	Stopped listening on port 50327
console.error: services.settings: 
  main/message-groups Signature failed  TypeError: NetworkError when attempting to fetch resource.
console.error: services.settings: 
  main/partitioning-exempt-urls Signature failed  TypeError: NetworkError when attempting to fetch resource.
1621677733783	geckodriver	INFO	Listening on 127.0.0.1:50384
1621677736815	mozrunner::runner	INFO	Running command: "C:\\Program Files\\Firefox Developer Edition\\firefox.exe" "--marionette" "--headless" "-foreground" "-no-remote" "-profile" "C:\\Users\\david\\AppData\\Local\\Temp\\rust_mozprofilecFIPo9"
*** You are running in headless mode.
1621677738602	Marionette	INFO	Marionette enabled
JavaScript error: resource://gre/modules/XULStore.jsm, line 66: Error: Can't find profile directory.
console.warn: SearchSettings: "get: No settings file exists, new profile?" (new NotFoundError("Could not open the file at C:\\Users\\david\\AppData\\Local\\Temp\\rust_mozprofilecFIPo9\\search.json.mozlz4", (void 0)))
1621677741387	Marionette	INFO	Listening on port 50393
1621677741688	Marionette	WARN	TLS certificate errors will be ignored for this session
1621677742479	Marionette	WARN	Ignoring event 'DOMContentLoaded' because document has an invalid readyState of 'complete'.
1621677743137	Marionette	INFO	Stopped listening on port 50393
[Parent 5740, IPC I/O Parent] WARNING: file /builds/worker/checkouts/gecko/ipc/chromium/src/base/process_util_win.cc:167
[Parent 5740, IPC I/O Parent] WARNING: file /builds/worker/checkouts/gecko/ipc/chromium/src/base/process_util_win.cc:167
[Parent 5740, IPC I/O Parent] WARNING: file /builds/worker/checkouts/gecko/ipc/chromium/src/base/process_util_win.cc:167
1621677856680	geckodriver	INFO	Listening on 127.0.0.1:50462
1621677859725	mozrunner::runner	INFO	Running command: "C:\\Program Files\\Firefox Developer Edition\\firefox.exe" "--marionette" "--headless" "-foreground" "-no-remote" "-profile" "C:\\Users\\david\\AppData\\Local\\Temp\\rust_mozprofile7OR7H7"
*** You are running in headless mode.
1621677861545	Marionette	INFO	Marionette enabled
JavaScript error: resource://gre/modules/XULStore.jsm, line 66: Error: Can't find profile directory.
console.warn: SearchSettings: "get: No settings file exists, new profile?" (new NotFoundError("Could not open the file at C:\\Users\\david\\AppData\\Local\\Temp\\rust_mozprofile7OR7H7\\search.json.mozlz4", (void 0)))
1621677864121	Marionette	INFO	Listening on port 50472
1621677864598	Marionette	WARN	TLS certificate errors will be ignored for this session
1621677865368	Marionette	WARN	Ignoring event 'DOMContentLoaded' because document has an invalid readyState of 'complete'.
1621677866937	Marionette	WARN	Ignoring event 'DOMContentLoaded' because document has an invalid readyState of 'complete'.
1621677866965	Marionette	INFO	Stopped listening on port 50472
1621677884531	geckodriver	INFO	Listening on 127.0.0.1:50524
1621677887577	mozrunner::runner	INFO	Running command: "C:\\Program Files\\Firefox Developer Edition\\firefox.exe" "--marionette" "--headless" "-foreground" "-no-remote" "-profile" "C:\\Users\\david\\AppData\\Local\\Temp\\rust_mozprofileWLfrEC"
*** You are running in headless mode.
1621677889288	Marionette	INFO	Marionette enabled
JavaScript error: resource://gre/modules/XULStore.jsm, line 66: Error: Can't find profile directory.
console.warn: SearchSettings: "get: No settings file exists, new profile?" (new NotFoundError("Could not open the file at C:\\Users\\david\\AppData\\Local\\Temp\\rust_mozprofileWLfrEC\\search.json.mozlz4", (void 0)))
1621677891944	Marionette	INFO	Listening on port 50532
1621677892421	Marionette	WARN	TLS certificate errors will be ignored for this session
1621677893246	Marionette	WARN	Ignoring event 'DOMContentLoaded' because document has an invalid readyState of 'complete'.
1621677894715	Marionette	WARN	Ignoring event 'DOMContentLoaded' because document has an invalid readyState of 'complete'.
1621677894766	Marionette	INFO	Stopped listening on port 50532
1621677927040	geckodriver	INFO	Listening on 127.0.0.1:50589
1621677930068	mozrunner::runner	INFO	Running command: "C:\\Program Files\\Firefox Developer Edition\\firefox.exe" "--marionette" "--headless" "-foreground" "-no-remote" "-profile" "C:\\Users\\david\\AppData\\Local\\Temp\\rust_mozprofileVJ5p9t"
*** You are running in headless mode.
1621677931934	Marionette	INFO	Marionette enabled
JavaScript error: resource://gre/modules/XULStore.jsm, line 66: Error: Can't find profile directory.
console.warn: SearchSettings: "get: No settings file exists, new profile?" (new NotFoundError("Could not open the file at C:\\Users\\david\\AppData\\Local\\Temp\\rust_mozprofileVJ5p9t\\search.json.mozlz4", (void 0)))
1621677934809	Marionette	INFO	Listening on port 50599
1621677934955	Marionette	WARN	TLS certificate errors will be ignored for this session
1621677935794	Marionette	WARN	Ignoring event 'DOMContentLoaded' because document has an invalid readyState of 'complete'.
1621677937261	Marionette	WARN	Ignoring event 'DOMContentLoaded' because document has an invalid readyState of 'complete'.
1621677994475	Marionette	INFO	Stopped listening on port 50599
console.error: services.settings: 
  main/partitioning-exempt-urls Signature failed  TypeError: NetworkError when attempting to fetch resource.
console.error: services.settings: 
  main/message-groups Signature failed  TypeError: NetworkError when attempting to fetch resource.
1621679721956	geckodriver	INFO	Listening on 127.0.0.1:51443
1621679724999	mozrunner::runner	INFO	Running command: "C:\\Program Files\\Firefox Developer Edition\\firefox.exe" "--marionette" "--headless" "-foreground" "-no-remote" "-profile" "C:\\Users\\david\\AppData\\Local\\Temp\\rust_mozprofile7CCR5B"
*** You are running in headless mode.
1621679727048	Marionette	INFO	Marionette enabled
JavaScript error: resource://gre/modules/XULStore.jsm, line 66: Error: Can't find profile directory.
console.warn: SearchSettings: "get: No settings file exists, new profile?" (new NotFoundError("Could not open the file at C:\\Users\\david\\AppData\\Local\\Temp\\rust_mozprofile7CCR5B\\search.json.mozlz4", (void 0)))
1621679729565	Marionette	INFO	Listening on port 51451
1621679729890	Marionette	WARN	TLS certificate errors will be ignored for this session
1621679730736	Marionette	WARN	Ignoring event 'DOMContentLoaded' because document has an invalid readyState of 'complete'.
1621679731417	Marionette	INFO	Stopped listening on port 51451
console.error: services.settings: 
  main/message-groups Signature failed  TypeError: NetworkError when attempting to fetch resource.
console.error: services.settings: 
  main/partitioning-exempt-urls Signature failed  TypeError: NetworkError when attempting to fetch resource.
[Child 648, IPC I/O Child] WARNING: pipe error: 232: file /builds/worker/checkouts/gecko/ipc/chromium/src/chrome/common/ipc_channel_win.cc:544

###!!! [Child][RunMessage] Error: Channel error: cannot send/recv


###!!! [Child][RunMessage] Error: Channel error: cannot send/recv


###!!! [Child][RunMessage] Error: Channel error: cannot send/recv


###!!! [Child][RunMessage] Error: Channel error: cannot send/recv


###!!! [Child][RunMessage] Error: Channel error: cannot send/recv


###!!! [Child][RunMessage] Error: Channel error: cannot send/recv


###!!! [Child][RunMessage] Error: Channel error: cannot send/recv


###!!! [Child][RunMessage] Error: Channel error: cannot send/recv


###!!! [Child][RunMessage] Error: Channel error: cannot send/recv


###!!! [Child][RunMessage] Error: Channel error: cannot send/recv


###!!! [Child][RunMessage] Error: Channel error: cannot send/recv


###!!! [Child][RunMessage] Error: Channel error: cannot send/recv


###!!! [Child][RunMessage] Error: Channel error: cannot send/recv


###!!! [Child][RunMessage] Error: Channel error: cannot send/recv


###!!! [Child][RunMessage] Error: Channel error: cannot send/recv


###!!! [Child][RunMessage] Error: Channel error: cannot send/recv


###!!! [Child][RunMessage] Error: Channel error: cannot send/recv


###!!! [Child][RunMessage] Error: Channel error: cannot send/recv


###!!! [Child][RunMessage] Error: Channel error: cannot send/recv


###!!! [Child][RunMessage] Error: Channel error: cannot send/recv


###!!! [Child][RunMessage] Error: Channel error: cannot send/recv


###!!! [Child][RunMessage] Error: Channel error: cannot send/recv


###!!! [Child][RunMessage] Error: Channel error: cannot send/recv


###!!! [Child][RunMessage] Error: Channel error: cannot send/recv

1621679763601	geckodriver	INFO	Listening on 127.0.0.1:51507
1621679766639	mozrunner::runner	INFO	Running command: "C:\\Program Files\\Firefox Developer Edition\\firefox.exe" "--marionette" "--headless" "-foreground" "-no-remote" "-profile" "C:\\Users\\david\\AppData\\Local\\Temp\\rust_mozprofilemLmCGL"
*** You are running in headless mode.
1621679768199	Marionette	INFO	Marionette enabled
JavaScript error: resource://gre/modules/XULStore.jsm, line 66: Error: Can't find profile directory.
console.warn: SearchSettings: "get: No settings file exists, new profile?" (new NotFoundError("Could not open the file at C:\\Users\\david\\AppData\\Local\\Temp\\rust_mozprofilemLmCGL\\search.json.mozlz4", (void 0)))
1621679770393	Marionette	INFO	Listening on port 51515
1621679770898	Marionette	WARN	TLS certificate errors will be ignored for this session
1621679771650	Marionette	WARN	Ignoring event 'DOMContentLoaded' because document has an invalid readyState of 'complete'.
1621679772304	Marionette	INFO	Stopped listening on port 51515
console.error: services.settings: 
  main/message-groups Signature failed  TypeError: NetworkError when attempting to fetch resource.
console.error: services.settings: 
  main/partitioning-exempt-urls Signature failed  TypeError: NetworkError when attempting to fetch resource.

###!!! [Parent][RunMessage] Error: Channel closing: too late to send/recv, messages will be lost

1621680227435	geckodriver	INFO	Listening on 127.0.0.1:51647
1621680230467	mozrunner::runner	INFO	Running command: "C:\\Program Files\\Firefox Developer Edition\\firefox.exe" "--marionette" "--headless" "-foreground" "-no-remote" "-profile" "C:\\Users\\david\\AppData\\Local\\Temp\\rust_mozprofileX6lVu9"
*** You are running in headless mode.
1621680232383	Marionette	INFO	Marionette enabled
JavaScript error: resource://gre/modules/XULStore.jsm, line 66: Error: Can't find profile directory.
console.warn: SearchSettings: "get: No settings file exists, new profile?" (new NotFoundError("Could not open the file at C:\\Users\\david\\AppData\\Local\\Temp\\rust_mozprofileX6lVu9\\search.json.mozlz4", (void 0)))
1621680234622	Marionette	INFO	Listening on port 51656
1621680234747	Marionette	WARN	TLS certificate errors will be ignored for this session
1621680235485	Marionette	WARN	Ignoring event 'DOMContentLoaded' because document has an invalid readyState of 'complete'.
1621680236165	Marionette	INFO	Stopped listening on port 51656
[Child 16856, IPC I/O Child] WARNING: pipe error: 232: file /builds/worker/checkouts/gecko/ipc/chromium/src/chrome/common/ipc_channel_win.cc:544

###!!! [Child][MessageChannel] Error: (msgtype=0x5A000D,name=PHttpChannel::Msg___delete__) Channel error: cannot send/recv


###!!! [Child][RunMessage] Error: Channel error: cannot send/recv


###!!! [Child][RunMessage] Error: Channel error: cannot send/recv


###!!! [Child][RunMessage] Error: Channel error: cannot send/recv


###!!! [Child][RunMessage] Error: Channel error: cannot send/recv

1621680500500	geckodriver	INFO	Listening on 127.0.0.1:51751
1621680503531	mozrunner::runner	INFO	Running command: "C:\\Program Files\\Firefox Developer Edition\\firefox.exe" "--marionette" "--headless" "-foreground" "-no-remote" "-profile" "C:\\Users\\david\\AppData\\Local\\Temp\\rust_mozprofilewTwEJz"
*** You are running in headless mode.
1621680505332	Marionette	INFO	Marionette enabled
JavaScript error: resource://gre/modules/XULStore.jsm, line 66: Error: Can't find profile directory.
console.warn: SearchSettings: "get: No settings file exists, new profile?" (new NotFoundError("Could not open the file at C:\\Users\\david\\AppData\\Local\\Temp\\rust_mozprofilewTwEJz\\search.json.mozlz4", (void 0)))
1621680507513	Marionette	INFO	Listening on port 51759
1621680507810	Marionette	WARN	TLS certificate errors will be ignored for this session
1621680508647	Marionette	WARN	Ignoring event 'DOMContentLoaded' because document has an invalid readyState of 'complete'.
1621680509391	Marionette	INFO	Stopped listening on port 51759
1621680574061	geckodriver	INFO	Listening on 127.0.0.1:51811
1621680577089	mozrunner::runner	INFO	Running command: "C:\\Program Files\\Firefox Developer Edition\\firefox.exe" "--marionette" "--headless" "-foreground" "-no-remote" "-profile" "C:\\Users\\david\\AppData\\Local\\Temp\\rust_mozprofileFaAQIs"
*** You are running in headless mode.
1621680578677	Marionette	INFO	Marionette enabled
JavaScript error: resource://gre/modules/XULStore.jsm, line 66: Error: Can't find profile directory.
console.warn: SearchSettings: "get: No settings file exists, new profile?" (new NotFoundError("Could not open the file at C:\\Users\\david\\AppData\\Local\\Temp\\rust_mozprofileFaAQIs\\search.json.mozlz4", (void 0)))
1621680580834	Marionette	INFO	Listening on port 51821
1621680580883	Marionette	WARN	TLS certificate errors will be ignored for this session
1621680581629	Marionette	WARN	Ignoring event 'DOMContentLoaded' because document has an invalid readyState of 'complete'.
1621680582399	Marionette	INFO	Stopped listening on port 51821
[Parent 2828, IPC I/O Parent] WARNING: file /builds/worker/checkouts/gecko/ipc/chromium/src/base/process_util_win.cc:167
[Parent 2828, IPC I/O Parent] WARNING: file /builds/worker/checkouts/gecko/ipc/chromium/src/base/process_util_win.cc:167
[Parent 2828, IPC I/O Parent] WARNING: file /builds/worker/checkouts/gecko/ipc/chromium/src/base/process_util_win.cc:167
1621680838234	geckodriver	INFO	Listening on 127.0.0.1:51885
1621680841265	mozrunner::runner	INFO	Running command: "C:\\Program Files\\Firefox Developer Edition\\firefox.exe" "--marionette" "--headless" "-foreground" "-no-remote" "-profile" "C:\\Users\\david\\AppData\\Local\\Temp\\rust_mozprofileWbdiom"
*** You are running in headless mode.
1621680842939	Marionette	INFO	Marionette enabled
JavaScript error: resource://gre/modules/XULStore.jsm, line 66: Error: Can't find profile directory.
console.warn: SearchSettings: "get: No settings file exists, new profile?" (new NotFoundError("Could not open the file at C:\\Users\\david\\AppData\\Local\\Temp\\rust_mozprofileWbdiom\\search.json.mozlz4", (void 0)))
1621680845159	Marionette	INFO	Listening on port 51894
1621680845541	Marionette	WARN	TLS certificate errors will be ignored for this session
1621680846230	Marionette	WARN	Ignoring event 'DOMContentLoaded' because document has an invalid readyState of 'complete'.
1621680846231	Marionette	WARN	Ignoring event 'DOMContentLoaded' because document has an invalid readyState of 'complete'.
1621680880297	geckodriver	INFO	Listening on 127.0.0.1:51965
1621680883326	mozrunner::runner	INFO	Running command: "C:\\Program Files\\Firefox Developer Edition\\firefox.exe" "--marionette" "--headless" "-foreground" "-no-remote" "-profile" "C:\\Users\\david\\AppData\\Local\\Temp\\rust_mozprofileP3OwPf"
*** You are running in headless mode.
1621680884927	Marionette	INFO	Marionette enabled
JavaScript error: resource://gre/modules/XULStore.jsm, line 66: Error: Can't find profile directory.
console.warn: SearchSettings: "get: No settings file exists, new profile?" (new NotFoundError("Could not open the file at C:\\Users\\david\\AppData\\Local\\Temp\\rust_mozprofileP3OwPf\\search.json.mozlz4", (void 0)))
1621680887064	Marionette	INFO	Listening on port 51973
1621680887587	Marionette	WARN	TLS certificate errors will be ignored for this session
1621680888339	Marionette	WARN	Ignoring event 'DOMContentLoaded' because document has an invalid readyState of 'complete'.
1621680890122	Marionette	WARN	Ignoring event 'DOMContentLoaded' because document has an invalid readyState of 'complete'.
JavaScript error: , line 0: NotFoundError: No such JSWindowActor 'MarionetteCommands'
1621681013503	geckodriver	INFO	Listening on 127.0.0.1:52160
1621681016533	mozrunner::runner	INFO	Running command: "C:\\Program Files\\Firefox Developer Edition\\firefox.exe" "--marionette" "--headless" "-foreground" "-no-remote" "-profile" "C:\\Users\\david\\AppData\\Local\\Temp\\rust_mozprofileAgJNaZ"
*** You are running in headless mode.
1621681018593	Marionette	INFO	Marionette enabled
JavaScript error: resource://gre/modules/XULStore.jsm, line 66: Error: Can't find profile directory.
console.warn: SearchSettings: "get: No settings file exists, new profile?" (new NotFoundError("Could not open the file at C:\\Users\\david\\AppData\\Local\\Temp\\rust_mozprofileAgJNaZ\\search.json.mozlz4", (void 0)))
1621681020846	Marionette	INFO	Listening on port 52168
1621681020961	Marionette	WARN	TLS certificate errors will be ignored for this session
1621681021824	Marionette	WARN	Ignoring event 'DOMContentLoaded' because document has an invalid readyState of 'complete'.
1621681072403	geckodriver	INFO	Listening on 127.0.0.1:52300
1621681075465	mozrunner::runner	INFO	Running command: "C:\\Program Files\\Firefox Developer Edition\\firefox.exe" "--marionette" "--headless" "-foreground" "-no-remote" "-profile" "C:\\Users\\david\\AppData\\Local\\Temp\\rust_mozprofilexrA60J"
*** You are running in headless mode.
1621681077840	Marionette	INFO	Marionette enabled
JavaScript error: resource://gre/modules/XULStore.jsm, line 66: Error: Can't find profile directory.
console.warn: SearchSettings: "get: No settings file exists, new profile?" (new NotFoundError("Could not open the file at C:\\Users\\david\\AppData\\Local\\Temp\\rust_mozprofilexrA60J\\search.json.mozlz4", (void 0)))
1621681080115	Marionette	INFO	Listening on port 52310
1621681080367	Marionette	WARN	TLS certificate errors will be ignored for this session
1621681081054	Marionette	WARN	Ignoring event 'DOMContentLoaded' because document has an invalid readyState of 'complete'.
1621681082322	Marionette	WARN	Ignoring event 'DOMContentLoaded' because document has an invalid readyState of 'complete'.
